20250421	9:01:16	function v4(options, buf, offset) {
    if (native_js_1.default.randomUUID && !buf && !options) {
        return native_js_1.default.randomUUID();
    }
    options = options || {};
    const rnds = options.random ?? options.rng?.() ?? (0, rng_js_1.default)();
    if (rnds.length < 16) {
        throw new Error('Random bytes length must be >= 16');
    }
    rnds[6] = (rnds[6] & 0x0f) | 0x40;
    rnds[8] = (rnds[8] & 0x3f) | 0x80;
    if (buf) {
        offset = offset || 0;
        if (offset < 0 || offset + 16 > buf.length) {
            throw new RangeError(`UUID byte range ${offset}:${offset + 15} is out of buffer bounds`);
        }
        for (let i = 0; i < 16; ++i) {
            buf[offset + i] = rnds[i];
        }
        return buf;
    }
    return (0, stringify_js_1.unsafeStringify)(rnds);
}	ReferenceError	path is not defined	GET	/favicon.ico	undefined
20250421	9:05:18	function v4(options, buf, offset) {
    if (native_js_1.default.randomUUID && !buf && !options) {
        return native_js_1.default.randomUUID();
    }
    options = options || {};
    const rnds = options.random ?? options.rng?.() ?? (0, rng_js_1.default)();
    if (rnds.length < 16) {
        throw new Error('Random bytes length must be >= 16');
    }
    rnds[6] = (rnds[6] & 0x0f) | 0x40;
    rnds[8] = (rnds[8] & 0x3f) | 0x80;
    if (buf) {
        offset = offset || 0;
        if (offset < 0 || offset + 16 > buf.length) {
            throw new RangeError(`UUID byte range ${offset}:${offset + 15} is out of buffer bounds`);
        }
        for (let i = 0; i < 16; ++i) {
            buf[offset + i] = rnds[i];
        }
        return buf;
    }
    return (0, stringify_js_1.unsafeStringify)(rnds);
}	TypeError	Cannot read properties of undefined (reading 'id')	GET	/books/2	undefined
20250421	9:12:31	function v4(options, buf, offset) {
    if (native_js_1.default.randomUUID && !buf && !options) {
        return native_js_1.default.randomUUID();
    }
    options = options || {};
    const rnds = options.random ?? options.rng?.() ?? (0, rng_js_1.default)();
    if (rnds.length < 16) {
        throw new Error('Random bytes length must be >= 16');
    }
    rnds[6] = (rnds[6] & 0x0f) | 0x40;
    rnds[8] = (rnds[8] & 0x3f) | 0x80;
    if (buf) {
        offset = offset || 0;
        if (offset < 0 || offset + 16 > buf.length) {
            throw new RangeError(`UUID byte range ${offset}:${offset + 15} is out of buffer bounds`);
        }
        for (let i = 0; i < 16; ++i) {
            buf[offset + i] = rnds[i];
        }
        return buf;
    }
    return (0, stringify_js_1.unsafeStringify)(rnds);
}	TypeError	Cannot read properties of undefined (reading 'id')	DELETE	/books?id=1	undefined
20250421	9:13:36	function v4(options, buf, offset) {
    if (native_js_1.default.randomUUID && !buf && !options) {
        return native_js_1.default.randomUUID();
    }
    options = options || {};
    const rnds = options.random ?? options.rng?.() ?? (0, rng_js_1.default)();
    if (rnds.length < 16) {
        throw new Error('Random bytes length must be >= 16');
    }
    rnds[6] = (rnds[6] & 0x0f) | 0x40;
    rnds[8] = (rnds[8] & 0x3f) | 0x80;
    if (buf) {
        offset = offset || 0;
        if (offset < 0 || offset + 16 > buf.length) {
            throw new RangeError(`UUID byte range ${offset}:${offset + 15} is out of buffer bounds`);
        }
        for (let i = 0; i < 16; ++i) {
            buf[offset + i] = rnds[i];
        }
        return buf;
    }
    return (0, stringify_js_1.unsafeStringify)(rnds);
}	TypeError	Cannot read properties of undefined (reading 'id')	DELETE	/books?id=1	undefined
20250421	9:18:44	function v4(options, buf, offset) {
    if (native_js_1.default.randomUUID && !buf && !options) {
        return native_js_1.default.randomUUID();
    }
    options = options || {};
    const rnds = options.random ?? options.rng?.() ?? (0, rng_js_1.default)();
    if (rnds.length < 16) {
        throw new Error('Random bytes length must be >= 16');
    }
    rnds[6] = (rnds[6] & 0x0f) | 0x40;
    rnds[8] = (rnds[8] & 0x3f) | 0x80;
    if (buf) {
        offset = offset || 0;
        if (offset < 0 || offset + 16 > buf.length) {
            throw new RangeError(`UUID byte range ${offset}:${offset + 15} is out of buffer bounds`);
        }
        for (let i = 0; i < 16; ++i) {
            buf[offset + i] = rnds[i];
        }
        return buf;
    }
    return (0, stringify_js_1.unsafeStringify)(rnds);
}	TypeError	Cannot read properties of undefined (reading 'id')	DELETE	/books?id=1	undefined
20250421	9:18:46	function v4(options, buf, offset) {
    if (native_js_1.default.randomUUID && !buf && !options) {
        return native_js_1.default.randomUUID();
    }
    options = options || {};
    const rnds = options.random ?? options.rng?.() ?? (0, rng_js_1.default)();
    if (rnds.length < 16) {
        throw new Error('Random bytes length must be >= 16');
    }
    rnds[6] = (rnds[6] & 0x0f) | 0x40;
    rnds[8] = (rnds[8] & 0x3f) | 0x80;
    if (buf) {
        offset = offset || 0;
        if (offset < 0 || offset + 16 > buf.length) {
            throw new RangeError(`UUID byte range ${offset}:${offset + 15} is out of buffer bounds`);
        }
        for (let i = 0; i < 16; ++i) {
            buf[offset + i] = rnds[i];
        }
        return buf;
    }
    return (0, stringify_js_1.unsafeStringify)(rnds);
}	TypeError	Cannot read properties of undefined (reading 'id')	DELETE	/books?id=1	undefined
20250421	10:03:50	function v4(options, buf, offset) {
    if (native_js_1.default.randomUUID && !buf && !options) {
        return native_js_1.default.randomUUID();
    }
    options = options || {};
    const rnds = options.random ?? options.rng?.() ?? (0, rng_js_1.default)();
    if (rnds.length < 16) {
        throw new Error('Random bytes length must be >= 16');
    }
    rnds[6] = (rnds[6] & 0x0f) | 0x40;
    rnds[8] = (rnds[8] & 0x3f) | 0x80;
    if (buf) {
        offset = offset || 0;
        if (offset < 0 || offset + 16 > buf.length) {
            throw new RangeError(`UUID byte range ${offset}:${offset + 15} is out of buffer bounds`);
        }
        for (let i = 0; i < 16; ++i) {
            buf[offset + i] = rnds[i];
        }
        return buf;
    }
    return (0, stringify_js_1.unsafeStringify)(rnds);
}	ReferenceError	path is not defined	GET	/books?id=78	undefined
20250421	10:15:48	function v4(options, buf, offset) {
    if (native_js_1.default.randomUUID && !buf && !options) {
        return native_js_1.default.randomUUID();
    }
    options = options || {};
    const rnds = options.random ?? options.rng?.() ?? (0, rng_js_1.default)();
    if (rnds.length < 16) {
        throw new Error('Random bytes length must be >= 16');
    }
    rnds[6] = (rnds[6] & 0x0f) | 0x40;
    rnds[8] = (rnds[8] & 0x3f) | 0x80;
    if (buf) {
        offset = offset || 0;
        if (offset < 0 || offset + 16 > buf.length) {
            throw new RangeError(`UUID byte range ${offset}:${offset + 15} is out of buffer bounds`);
        }
        for (let i = 0; i < 16; ++i) {
            buf[offset + i] = rnds[i];
        }
        return buf;
    }
    return (0, stringify_js_1.unsafeStringify)(rnds);
}	ReferenceError	path is not defined	DELETE	/books?id=1	undefined
20250421	10:43:26	function v4(options, buf, offset) {
    if (native_js_1.default.randomUUID && !buf && !options) {
        return native_js_1.default.randomUUID();
    }
    options = options || {};
    const rnds = options.random ?? options.rng?.() ?? (0, rng_js_1.default)();
    if (rnds.length < 16) {
        throw new Error('Random bytes length must be >= 16');
    }
    rnds[6] = (rnds[6] & 0x0f) | 0x40;
    rnds[8] = (rnds[8] & 0x3f) | 0x80;
    if (buf) {
        offset = offset || 0;
        if (offset < 0 || offset + 16 > buf.length) {
            throw new RangeError(`UUID byte range ${offset}:${offset + 15} is out of buffer bounds`);
        }
        for (let i = 0; i < 16; ++i) {
            buf[offset + i] = rnds[i];
        }
        return buf;
    }
    return (0, stringify_js_1.unsafeStringify)(rnds);
}	ReferenceError	path is not defined	GET	/nana	undefined
20250421	10:43:31	function v4(options, buf, offset) {
    if (native_js_1.default.randomUUID && !buf && !options) {
        return native_js_1.default.randomUUID();
    }
    options = options || {};
    const rnds = options.random ?? options.rng?.() ?? (0, rng_js_1.default)();
    if (rnds.length < 16) {
        throw new Error('Random bytes length must be >= 16');
    }
    rnds[6] = (rnds[6] & 0x0f) | 0x40;
    rnds[8] = (rnds[8] & 0x3f) | 0x80;
    if (buf) {
        offset = offset || 0;
        if (offset < 0 || offset + 16 > buf.length) {
            throw new RangeError(`UUID byte range ${offset}:${offset + 15} is out of buffer bounds`);
        }
        for (let i = 0; i < 16; ++i) {
            buf[offset + i] = rnds[i];
        }
        return buf;
    }
    return (0, stringify_js_1.unsafeStringify)(rnds);
}	ReferenceError	path is not defined	GET	/nana	undefined
20250421	10:44:03	function v4(options, buf, offset) {
    if (native_js_1.default.randomUUID && !buf && !options) {
        return native_js_1.default.randomUUID();
    }
    options = options || {};
    const rnds = options.random ?? options.rng?.() ?? (0, rng_js_1.default)();
    if (rnds.length < 16) {
        throw new Error('Random bytes length must be >= 16');
    }
    rnds[6] = (rnds[6] & 0x0f) | 0x40;
    rnds[8] = (rnds[8] & 0x3f) | 0x80;
    if (buf) {
        offset = offset || 0;
        if (offset < 0 || offset + 16 > buf.length) {
            throw new RangeError(`UUID byte range ${offset}:${offset + 15} is out of buffer bounds`);
        }
        for (let i = 0; i < 16; ++i) {
            buf[offset + i] = rnds[i];
        }
        return buf;
    }
    return (0, stringify_js_1.unsafeStringify)(rnds);
}	ReferenceError	path is not defined	GET	/nana	undefined
20250421	10:45:27	function v4(options, buf, offset) {
    if (native_js_1.default.randomUUID && !buf && !options) {
        return native_js_1.default.randomUUID();
    }
    options = options || {};
    const rnds = options.random ?? options.rng?.() ?? (0, rng_js_1.default)();
    if (rnds.length < 16) {
        throw new Error('Random bytes length must be >= 16');
    }
    rnds[6] = (rnds[6] & 0x0f) | 0x40;
    rnds[8] = (rnds[8] & 0x3f) | 0x80;
    if (buf) {
        offset = offset || 0;
        if (offset < 0 || offset + 16 > buf.length) {
            throw new RangeError(`UUID byte range ${offset}:${offset + 15} is out of buffer bounds`);
        }
        for (let i = 0; i < 16; ++i) {
            buf[offset + i] = rnds[i];
        }
        return buf;
    }
    return (0, stringify_js_1.unsafeStringify)(rnds);
}	ReferenceError	path is not defined	GET	/nan	undefined
20250421	10:45:56	function v4(options, buf, offset) {
    if (native_js_1.default.randomUUID && !buf && !options) {
        return native_js_1.default.randomUUID();
    }
    options = options || {};
    const rnds = options.random ?? options.rng?.() ?? (0, rng_js_1.default)();
    if (rnds.length < 16) {
        throw new Error('Random bytes length must be >= 16');
    }
    rnds[6] = (rnds[6] & 0x0f) | 0x40;
    rnds[8] = (rnds[8] & 0x3f) | 0x80;
    if (buf) {
        offset = offset || 0;
        if (offset < 0 || offset + 16 > buf.length) {
            throw new RangeError(`UUID byte range ${offset}:${offset + 15} is out of buffer bounds`);
        }
        for (let i = 0; i < 16; ++i) {
            buf[offset + i] = rnds[i];
        }
        return buf;
    }
    return (0, stringify_js_1.unsafeStringify)(rnds);
}	ReferenceError	path is not defined	GET	/nan	undefined
20250421	10:48:03	function v4(options, buf, offset) {
    if (native_js_1.default.randomUUID && !buf && !options) {
        return native_js_1.default.randomUUID();
    }
    options = options || {};
    const rnds = options.random ?? options.rng?.() ?? (0, rng_js_1.default)();
    if (rnds.length < 16) {
        throw new Error('Random bytes length must be >= 16');
    }
    rnds[6] = (rnds[6] & 0x0f) | 0x40;
    rnds[8] = (rnds[8] & 0x3f) | 0x80;
    if (buf) {
        offset = offset || 0;
        if (offset < 0 || offset + 16 > buf.length) {
            throw new RangeError(`UUID byte range ${offset}:${offset + 15} is out of buffer bounds`);
        }
        for (let i = 0; i < 16; ++i) {
            buf[offset + i] = rnds[i];
        }
        return buf;
    }
    return (0, stringify_js_1.unsafeStringify)(rnds);
}	ReferenceError	path is not defined	GET	/nan	undefined
20250421	10:50:36	function v4(options, buf, offset) {
    if (native_js_1.default.randomUUID && !buf && !options) {
        return native_js_1.default.randomUUID();
    }
    options = options || {};
    const rnds = options.random ?? options.rng?.() ?? (0, rng_js_1.default)();
    if (rnds.length < 16) {
        throw new Error('Random bytes length must be >= 16');
    }
    rnds[6] = (rnds[6] & 0x0f) | 0x40;
    rnds[8] = (rnds[8] & 0x3f) | 0x80;
    if (buf) {
        offset = offset || 0;
        if (offset < 0 || offset + 16 > buf.length) {
            throw new RangeError(`UUID byte range ${offset}:${offset + 15} is out of buffer bounds`);
        }
        for (let i = 0; i < 16; ++i) {
            buf[offset + i] = rnds[i];
        }
        return buf;
    }
    return (0, stringify_js_1.unsafeStringify)(rnds);
}	Error	ENOENT: no such file or directory, stat '/home/edwin/Documents/interview-stuff/book-library-api/middleware/views/404.html'	GET	/nan	undefined
20250421	10:50:44	function v4(options, buf, offset) {
    if (native_js_1.default.randomUUID && !buf && !options) {
        return native_js_1.default.randomUUID();
    }
    options = options || {};
    const rnds = options.random ?? options.rng?.() ?? (0, rng_js_1.default)();
    if (rnds.length < 16) {
        throw new Error('Random bytes length must be >= 16');
    }
    rnds[6] = (rnds[6] & 0x0f) | 0x40;
    rnds[8] = (rnds[8] & 0x3f) | 0x80;
    if (buf) {
        offset = offset || 0;
        if (offset < 0 || offset + 16 > buf.length) {
            throw new RangeError(`UUID byte range ${offset}:${offset + 15} is out of buffer bounds`);
        }
        for (let i = 0; i < 16; ++i) {
            buf[offset + i] = rnds[i];
        }
        return buf;
    }
    return (0, stringify_js_1.unsafeStringify)(rnds);
}	Error	ENOENT: no such file or directory, stat '/home/edwin/Documents/interview-stuff/book-library-api/middleware/views/404.html'	GET	/nan	undefined
20250421	10:50:57	function v4(options, buf, offset) {
    if (native_js_1.default.randomUUID && !buf && !options) {
        return native_js_1.default.randomUUID();
    }
    options = options || {};
    const rnds = options.random ?? options.rng?.() ?? (0, rng_js_1.default)();
    if (rnds.length < 16) {
        throw new Error('Random bytes length must be >= 16');
    }
    rnds[6] = (rnds[6] & 0x0f) | 0x40;
    rnds[8] = (rnds[8] & 0x3f) | 0x80;
    if (buf) {
        offset = offset || 0;
        if (offset < 0 || offset + 16 > buf.length) {
            throw new RangeError(`UUID byte range ${offset}:${offset + 15} is out of buffer bounds`);
        }
        for (let i = 0; i < 16; ++i) {
            buf[offset + i] = rnds[i];
        }
        return buf;
    }
    return (0, stringify_js_1.unsafeStringify)(rnds);
}	Error	ENOENT: no such file or directory, stat '/home/edwin/Documents/interview-stuff/book-library-api/middleware/views/404.html'	GET	/nana	undefined
20250421	10:51:32	function v4(options, buf, offset) {
    if (native_js_1.default.randomUUID && !buf && !options) {
        return native_js_1.default.randomUUID();
    }
    options = options || {};
    const rnds = options.random ?? options.rng?.() ?? (0, rng_js_1.default)();
    if (rnds.length < 16) {
        throw new Error('Random bytes length must be >= 16');
    }
    rnds[6] = (rnds[6] & 0x0f) | 0x40;
    rnds[8] = (rnds[8] & 0x3f) | 0x80;
    if (buf) {
        offset = offset || 0;
        if (offset < 0 || offset + 16 > buf.length) {
            throw new RangeError(`UUID byte range ${offset}:${offset + 15} is out of buffer bounds`);
        }
        for (let i = 0; i < 16; ++i) {
            buf[offset + i] = rnds[i];
        }
        return buf;
    }
    return (0, stringify_js_1.unsafeStringify)(rnds);
}	Error	ENOENT: no such file or directory, stat '/home/edwin/Documents/interview-stuff/book-library-api/middleware/views/404.html'	GET	/nana	undefined
20250421	10:51:40	function v4(options, buf, offset) {
    if (native_js_1.default.randomUUID && !buf && !options) {
        return native_js_1.default.randomUUID();
    }
    options = options || {};
    const rnds = options.random ?? options.rng?.() ?? (0, rng_js_1.default)();
    if (rnds.length < 16) {
        throw new Error('Random bytes length must be >= 16');
    }
    rnds[6] = (rnds[6] & 0x0f) | 0x40;
    rnds[8] = (rnds[8] & 0x3f) | 0x80;
    if (buf) {
        offset = offset || 0;
        if (offset < 0 || offset + 16 > buf.length) {
            throw new RangeError(`UUID byte range ${offset}:${offset + 15} is out of buffer bounds`);
        }
        for (let i = 0; i < 16; ++i) {
            buf[offset + i] = rnds[i];
        }
        return buf;
    }
    return (0, stringify_js_1.unsafeStringify)(rnds);
}	Error	ENOENT: no such file or directory, stat '/home/edwin/Documents/interview-stuff/book-library-api/middleware/views/404.html'	GET	/nana	undefined
20250421	10:52:12	function v4(options, buf, offset) {
    if (native_js_1.default.randomUUID && !buf && !options) {
        return native_js_1.default.randomUUID();
    }
    options = options || {};
    const rnds = options.random ?? options.rng?.() ?? (0, rng_js_1.default)();
    if (rnds.length < 16) {
        throw new Error('Random bytes length must be >= 16');
    }
    rnds[6] = (rnds[6] & 0x0f) | 0x40;
    rnds[8] = (rnds[8] & 0x3f) | 0x80;
    if (buf) {
        offset = offset || 0;
        if (offset < 0 || offset + 16 > buf.length) {
            throw new RangeError(`UUID byte range ${offset}:${offset + 15} is out of buffer bounds`);
        }
        for (let i = 0; i < 16; ++i) {
            buf[offset + i] = rnds[i];
        }
        return buf;
    }
    return (0, stringify_js_1.unsafeStringify)(rnds);
}	Error	ENOENT: no such file or directory, stat '/home/edwin/Documents/interview-stuff/book-library-api/middleware/views/404.html'	GET	/nana	undefined
20250421	10:52:40	function v4(options, buf, offset) {
    if (native_js_1.default.randomUUID && !buf && !options) {
        return native_js_1.default.randomUUID();
    }
    options = options || {};
    const rnds = options.random ?? options.rng?.() ?? (0, rng_js_1.default)();
    if (rnds.length < 16) {
        throw new Error('Random bytes length must be >= 16');
    }
    rnds[6] = (rnds[6] & 0x0f) | 0x40;
    rnds[8] = (rnds[8] & 0x3f) | 0x80;
    if (buf) {
        offset = offset || 0;
        if (offset < 0 || offset + 16 > buf.length) {
            throw new RangeError(`UUID byte range ${offset}:${offset + 15} is out of buffer bounds`);
        }
        for (let i = 0; i < 16; ++i) {
            buf[offset + i] = rnds[i];
        }
        return buf;
    }
    return (0, stringify_js_1.unsafeStringify)(rnds);
}	Error	ENOENT: no such file or directory, stat '/home/edwin/Documents/interview-stuff/book-library-api/middleware/views/404.html'	GET	/nana	undefined
20250421	10:52:43	function v4(options, buf, offset) {
    if (native_js_1.default.randomUUID && !buf && !options) {
        return native_js_1.default.randomUUID();
    }
    options = options || {};
    const rnds = options.random ?? options.rng?.() ?? (0, rng_js_1.default)();
    if (rnds.length < 16) {
        throw new Error('Random bytes length must be >= 16');
    }
    rnds[6] = (rnds[6] & 0x0f) | 0x40;
    rnds[8] = (rnds[8] & 0x3f) | 0x80;
    if (buf) {
        offset = offset || 0;
        if (offset < 0 || offset + 16 > buf.length) {
            throw new RangeError(`UUID byte range ${offset}:${offset + 15} is out of buffer bounds`);
        }
        for (let i = 0; i < 16; ++i) {
            buf[offset + i] = rnds[i];
        }
        return buf;
    }
    return (0, stringify_js_1.unsafeStringify)(rnds);
}	Error	ENOENT: no such file or directory, stat '/home/edwin/Documents/interview-stuff/book-library-api/middleware/views/404.html'	GET	/nana	undefined
20250421	10:52:45	function v4(options, buf, offset) {
    if (native_js_1.default.randomUUID && !buf && !options) {
        return native_js_1.default.randomUUID();
    }
    options = options || {};
    const rnds = options.random ?? options.rng?.() ?? (0, rng_js_1.default)();
    if (rnds.length < 16) {
        throw new Error('Random bytes length must be >= 16');
    }
    rnds[6] = (rnds[6] & 0x0f) | 0x40;
    rnds[8] = (rnds[8] & 0x3f) | 0x80;
    if (buf) {
        offset = offset || 0;
        if (offset < 0 || offset + 16 > buf.length) {
            throw new RangeError(`UUID byte range ${offset}:${offset + 15} is out of buffer bounds`);
        }
        for (let i = 0; i < 16; ++i) {
            buf[offset + i] = rnds[i];
        }
        return buf;
    }
    return (0, stringify_js_1.unsafeStringify)(rnds);
}	Error	ENOENT: no such file or directory, stat '/home/edwin/Documents/interview-stuff/book-library-api/middleware/views/404.html'	GET	/nana	undefined
20250421	10:52:46	function v4(options, buf, offset) {
    if (native_js_1.default.randomUUID && !buf && !options) {
        return native_js_1.default.randomUUID();
    }
    options = options || {};
    const rnds = options.random ?? options.rng?.() ?? (0, rng_js_1.default)();
    if (rnds.length < 16) {
        throw new Error('Random bytes length must be >= 16');
    }
    rnds[6] = (rnds[6] & 0x0f) | 0x40;
    rnds[8] = (rnds[8] & 0x3f) | 0x80;
    if (buf) {
        offset = offset || 0;
        if (offset < 0 || offset + 16 > buf.length) {
            throw new RangeError(`UUID byte range ${offset}:${offset + 15} is out of buffer bounds`);
        }
        for (let i = 0; i < 16; ++i) {
            buf[offset + i] = rnds[i];
        }
        return buf;
    }
    return (0, stringify_js_1.unsafeStringify)(rnds);
}	Error	ENOENT: no such file or directory, stat '/home/edwin/Documents/interview-stuff/book-library-api/middleware/views/404.html'	GET	/nana	undefined
20250421	10:52:47	function v4(options, buf, offset) {
    if (native_js_1.default.randomUUID && !buf && !options) {
        return native_js_1.default.randomUUID();
    }
    options = options || {};
    const rnds = options.random ?? options.rng?.() ?? (0, rng_js_1.default)();
    if (rnds.length < 16) {
        throw new Error('Random bytes length must be >= 16');
    }
    rnds[6] = (rnds[6] & 0x0f) | 0x40;
    rnds[8] = (rnds[8] & 0x3f) | 0x80;
    if (buf) {
        offset = offset || 0;
        if (offset < 0 || offset + 16 > buf.length) {
            throw new RangeError(`UUID byte range ${offset}:${offset + 15} is out of buffer bounds`);
        }
        for (let i = 0; i < 16; ++i) {
            buf[offset + i] = rnds[i];
        }
        return buf;
    }
    return (0, stringify_js_1.unsafeStringify)(rnds);
}	Error	ENOENT: no such file or directory, stat '/home/edwin/Documents/interview-stuff/book-library-api/middleware/views/404.html'	GET	/nana	undefined
20250421	10:52:48	function v4(options, buf, offset) {
    if (native_js_1.default.randomUUID && !buf && !options) {
        return native_js_1.default.randomUUID();
    }
    options = options || {};
    const rnds = options.random ?? options.rng?.() ?? (0, rng_js_1.default)();
    if (rnds.length < 16) {
        throw new Error('Random bytes length must be >= 16');
    }
    rnds[6] = (rnds[6] & 0x0f) | 0x40;
    rnds[8] = (rnds[8] & 0x3f) | 0x80;
    if (buf) {
        offset = offset || 0;
        if (offset < 0 || offset + 16 > buf.length) {
            throw new RangeError(`UUID byte range ${offset}:${offset + 15} is out of buffer bounds`);
        }
        for (let i = 0; i < 16; ++i) {
            buf[offset + i] = rnds[i];
        }
        return buf;
    }
    return (0, stringify_js_1.unsafeStringify)(rnds);
}	Error	ENOENT: no such file or directory, stat '/home/edwin/Documents/interview-stuff/book-library-api/middleware/views/404.html'	GET	/nana	undefined
20250421	10:52:49	function v4(options, buf, offset) {
    if (native_js_1.default.randomUUID && !buf && !options) {
        return native_js_1.default.randomUUID();
    }
    options = options || {};
    const rnds = options.random ?? options.rng?.() ?? (0, rng_js_1.default)();
    if (rnds.length < 16) {
        throw new Error('Random bytes length must be >= 16');
    }
    rnds[6] = (rnds[6] & 0x0f) | 0x40;
    rnds[8] = (rnds[8] & 0x3f) | 0x80;
    if (buf) {
        offset = offset || 0;
        if (offset < 0 || offset + 16 > buf.length) {
            throw new RangeError(`UUID byte range ${offset}:${offset + 15} is out of buffer bounds`);
        }
        for (let i = 0; i < 16; ++i) {
            buf[offset + i] = rnds[i];
        }
        return buf;
    }
    return (0, stringify_js_1.unsafeStringify)(rnds);
}	Error	ENOENT: no such file or directory, stat '/home/edwin/Documents/interview-stuff/book-library-api/middleware/views/404.html'	GET	/nana	undefined
20250421	10:53:27	function v4(options, buf, offset) {
    if (native_js_1.default.randomUUID && !buf && !options) {
        return native_js_1.default.randomUUID();
    }
    options = options || {};
    const rnds = options.random ?? options.rng?.() ?? (0, rng_js_1.default)();
    if (rnds.length < 16) {
        throw new Error('Random bytes length must be >= 16');
    }
    rnds[6] = (rnds[6] & 0x0f) | 0x40;
    rnds[8] = (rnds[8] & 0x3f) | 0x80;
    if (buf) {
        offset = offset || 0;
        if (offset < 0 || offset + 16 > buf.length) {
            throw new RangeError(`UUID byte range ${offset}:${offset + 15} is out of buffer bounds`);
        }
        for (let i = 0; i < 16; ++i) {
            buf[offset + i] = rnds[i];
        }
        return buf;
    }
    return (0, stringify_js_1.unsafeStringify)(rnds);
}	Error	ENOENT: no such file or directory, stat '/home/edwin/Documents/interview-stuff/book-library-api/middleware/views/404.html'	GET	/nana	undefined
20250421	11:16:09	function v4(options, buf, offset) {
    if (native_js_1.default.randomUUID && !buf && !options) {
        return native_js_1.default.randomUUID();
    }
    options = options || {};
    const rnds = options.random ?? options.rng?.() ?? (0, rng_js_1.default)();
    if (rnds.length < 16) {
        throw new Error('Random bytes length must be >= 16');
    }
    rnds[6] = (rnds[6] & 0x0f) | 0x40;
    rnds[8] = (rnds[8] & 0x3f) | 0x80;
    if (buf) {
        offset = offset || 0;
        if (offset < 0 || offset + 16 > buf.length) {
            throw new RangeError(`UUID byte range ${offset}:${offset + 15} is out of buffer bounds`);
        }
        for (let i = 0; i < 16; ++i) {
            buf[offset + i] = rnds[i];
        }
        return buf;
    }
    return (0, stringify_js_1.unsafeStringify)(rnds);
}	ReferenceError	req is not defined	GET	/books?title=Pride&author=Austen	undefined
20250421	11:16:34	function v4(options, buf, offset) {
    if (native_js_1.default.randomUUID && !buf && !options) {
        return native_js_1.default.randomUUID();
    }
    options = options || {};
    const rnds = options.random ?? options.rng?.() ?? (0, rng_js_1.default)();
    if (rnds.length < 16) {
        throw new Error('Random bytes length must be >= 16');
    }
    rnds[6] = (rnds[6] & 0x0f) | 0x40;
    rnds[8] = (rnds[8] & 0x3f) | 0x80;
    if (buf) {
        offset = offset || 0;
        if (offset < 0 || offset + 16 > buf.length) {
            throw new RangeError(`UUID byte range ${offset}:${offset + 15} is out of buffer bounds`);
        }
        for (let i = 0; i < 16; ++i) {
            buf[offset + i] = rnds[i];
        }
        return buf;
    }
    return (0, stringify_js_1.unsafeStringify)(rnds);
}	ReferenceError	req is not defined	GET	/books?title=Pride&author=Austen	undefined
20250421	11:29:24	function v4(options, buf, offset) {
    if (native_js_1.default.randomUUID && !buf && !options) {
        return native_js_1.default.randomUUID();
    }
    options = options || {};
    const rnds = options.random ?? options.rng?.() ?? (0, rng_js_1.default)();
    if (rnds.length < 16) {
        throw new Error('Random bytes length must be >= 16');
    }
    rnds[6] = (rnds[6] & 0x0f) | 0x40;
    rnds[8] = (rnds[8] & 0x3f) | 0x80;
    if (buf) {
        offset = offset || 0;
        if (offset < 0 || offset + 16 > buf.length) {
            throw new RangeError(`UUID byte range ${offset}:${offset + 15} is out of buffer bounds`);
        }
        for (let i = 0; i < 16; ++i) {
            buf[offset + i] = rnds[i];
        }
        return buf;
    }
    return (0, stringify_js_1.unsafeStringify)(rnds);
}	ReferenceError	req is not defined	GET	/books?title=Pride&author=Austen	undefined
20250421	11:29:40	function v4(options, buf, offset) {
    if (native_js_1.default.randomUUID && !buf && !options) {
        return native_js_1.default.randomUUID();
    }
    options = options || {};
    const rnds = options.random ?? options.rng?.() ?? (0, rng_js_1.default)();
    if (rnds.length < 16) {
        throw new Error('Random bytes length must be >= 16');
    }
    rnds[6] = (rnds[6] & 0x0f) | 0x40;
    rnds[8] = (rnds[8] & 0x3f) | 0x80;
    if (buf) {
        offset = offset || 0;
        if (offset < 0 || offset + 16 > buf.length) {
            throw new RangeError(`UUID byte range ${offset}:${offset + 15} is out of buffer bounds`);
        }
        for (let i = 0; i < 16; ++i) {
            buf[offset + i] = rnds[i];
        }
        return buf;
    }
    return (0, stringify_js_1.unsafeStringify)(rnds);
}	ReferenceError	req is not defined	GET	/books?title=Pride&author=Austen	undefined
20250421	11:29:58	function v4(options, buf, offset) {
    if (native_js_1.default.randomUUID && !buf && !options) {
        return native_js_1.default.randomUUID();
    }
    options = options || {};
    const rnds = options.random ?? options.rng?.() ?? (0, rng_js_1.default)();
    if (rnds.length < 16) {
        throw new Error('Random bytes length must be >= 16');
    }
    rnds[6] = (rnds[6] & 0x0f) | 0x40;
    rnds[8] = (rnds[8] & 0x3f) | 0x80;
    if (buf) {
        offset = offset || 0;
        if (offset < 0 || offset + 16 > buf.length) {
            throw new RangeError(`UUID byte range ${offset}:${offset + 15} is out of buffer bounds`);
        }
        for (let i = 0; i < 16; ++i) {
            buf[offset + i] = rnds[i];
        }
        return buf;
    }
    return (0, stringify_js_1.unsafeStringify)(rnds);
}	ReferenceError	req is not defined	GET	/books?title=Pride&author=Austen	undefined
20250421	11:30:27	function v4(options, buf, offset) {
    if (native_js_1.default.randomUUID && !buf && !options) {
        return native_js_1.default.randomUUID();
    }
    options = options || {};
    const rnds = options.random ?? options.rng?.() ?? (0, rng_js_1.default)();
    if (rnds.length < 16) {
        throw new Error('Random bytes length must be >= 16');
    }
    rnds[6] = (rnds[6] & 0x0f) | 0x40;
    rnds[8] = (rnds[8] & 0x3f) | 0x80;
    if (buf) {
        offset = offset || 0;
        if (offset < 0 || offset + 16 > buf.length) {
            throw new RangeError(`UUID byte range ${offset}:${offset + 15} is out of buffer bounds`);
        }
        for (let i = 0; i < 16; ++i) {
            buf[offset + i] = rnds[i];
        }
        return buf;
    }
    return (0, stringify_js_1.unsafeStringify)(rnds);
}	ReferenceError	req is not defined	GET	/books?title=Pride&author=Austen	undefined
20250421	11:30:48	function v4(options, buf, offset) {
    if (native_js_1.default.randomUUID && !buf && !options) {
        return native_js_1.default.randomUUID();
    }
    options = options || {};
    const rnds = options.random ?? options.rng?.() ?? (0, rng_js_1.default)();
    if (rnds.length < 16) {
        throw new Error('Random bytes length must be >= 16');
    }
    rnds[6] = (rnds[6] & 0x0f) | 0x40;
    rnds[8] = (rnds[8] & 0x3f) | 0x80;
    if (buf) {
        offset = offset || 0;
        if (offset < 0 || offset + 16 > buf.length) {
            throw new RangeError(`UUID byte range ${offset}:${offset + 15} is out of buffer bounds`);
        }
        for (let i = 0; i < 16; ++i) {
            buf[offset + i] = rnds[i];
        }
        return buf;
    }
    return (0, stringify_js_1.unsafeStringify)(rnds);
}	ReferenceError	req is not defined	GET	/books?title=Pride&author=Austen	undefined
20250421	11:31:51	function v4(options, buf, offset) {
    if (native_js_1.default.randomUUID && !buf && !options) {
        return native_js_1.default.randomUUID();
    }
    options = options || {};
    const rnds = options.random ?? options.rng?.() ?? (0, rng_js_1.default)();
    if (rnds.length < 16) {
        throw new Error('Random bytes length must be >= 16');
    }
    rnds[6] = (rnds[6] & 0x0f) | 0x40;
    rnds[8] = (rnds[8] & 0x3f) | 0x80;
    if (buf) {
        offset = offset || 0;
        if (offset < 0 || offset + 16 > buf.length) {
            throw new RangeError(`UUID byte range ${offset}:${offset + 15} is out of buffer bounds`);
        }
        for (let i = 0; i < 16; ++i) {
            buf[offset + i] = rnds[i];
        }
        return buf;
    }
    return (0, stringify_js_1.unsafeStringify)(rnds);
}	ReferenceError	req is not defined	GET	/books?title=Pride&author=Austen	undefined
20250422	7:15:01	function v4(options, buf, offset) {
    if (native_js_1.default.randomUUID && !buf && !options) {
        return native_js_1.default.randomUUID();
    }
    options = options || {};
    const rnds = options.random ?? options.rng?.() ?? (0, rng_js_1.default)();
    if (rnds.length < 16) {
        throw new Error('Random bytes length must be >= 16');
    }
    rnds[6] = (rnds[6] & 0x0f) | 0x40;
    rnds[8] = (rnds[8] & 0x3f) | 0x80;
    if (buf) {
        offset = offset || 0;
        if (offset < 0 || offset + 16 > buf.length) {
            throw new RangeError(`UUID byte range ${offset}:${offset + 15} is out of buffer bounds`);
        }
        for (let i = 0; i < 16; ++i) {
            buf[offset + i] = rnds[i];
        }
        return buf;
    }
    return (0, stringify_js_1.unsafeStringify)(rnds);
}	ReferenceError	Cannot access 'desc' before initialization	GET	/books?author=Adams&sortBy=year&order=desc	undefined
