20250421	9:01:15	function v4(options, buf, offset) {
    if (native_js_1.default.randomUUID && !buf && !options) {
        return native_js_1.default.randomUUID();
    }
    options = options || {};
    const rnds = options.random ?? options.rng?.() ?? (0, rng_js_1.default)();
    if (rnds.length < 16) {
        throw new Error('Random bytes length must be >= 16');
    }
    rnds[6] = (rnds[6] & 0x0f) | 0x40;
    rnds[8] = (rnds[8] & 0x3f) | 0x80;
    if (buf) {
        offset = offset || 0;
        if (offset < 0 || offset + 16 > buf.length) {
            throw new RangeError(`UUID byte range ${offset}:${offset + 15} is out of buffer bounds`);
        }
        for (let i = 0; i < 16; ++i) {
            buf[offset + i] = rnds[i];
        }
        return buf;
    }
    return (0, stringify_js_1.unsafeStringify)(rnds);
}	GET	/	undefined
20250421	9:01:15	function v4(options, buf, offset) {
    if (native_js_1.default.randomUUID && !buf && !options) {
        return native_js_1.default.randomUUID();
    }
    options = options || {};
    const rnds = options.random ?? options.rng?.() ?? (0, rng_js_1.default)();
    if (rnds.length < 16) {
        throw new Error('Random bytes length must be >= 16');
    }
    rnds[6] = (rnds[6] & 0x0f) | 0x40;
    rnds[8] = (rnds[8] & 0x3f) | 0x80;
    if (buf) {
        offset = offset || 0;
        if (offset < 0 || offset + 16 > buf.length) {
            throw new RangeError(`UUID byte range ${offset}:${offset + 15} is out of buffer bounds`);
        }
        for (let i = 0; i < 16; ++i) {
            buf[offset + i] = rnds[i];
        }
        return buf;
    }
    return (0, stringify_js_1.unsafeStringify)(rnds);
}	GET	/css/style.css	undefined
20250421	9:01:16	function v4(options, buf, offset) {
    if (native_js_1.default.randomUUID && !buf && !options) {
        return native_js_1.default.randomUUID();
    }
    options = options || {};
    const rnds = options.random ?? options.rng?.() ?? (0, rng_js_1.default)();
    if (rnds.length < 16) {
        throw new Error('Random bytes length must be >= 16');
    }
    rnds[6] = (rnds[6] & 0x0f) | 0x40;
    rnds[8] = (rnds[8] & 0x3f) | 0x80;
    if (buf) {
        offset = offset || 0;
        if (offset < 0 || offset + 16 > buf.length) {
            throw new RangeError(`UUID byte range ${offset}:${offset + 15} is out of buffer bounds`);
        }
        for (let i = 0; i < 16; ++i) {
            buf[offset + i] = rnds[i];
        }
        return buf;
    }
    return (0, stringify_js_1.unsafeStringify)(rnds);
}	GET	/favicon.ico	undefined
20250421	9:02:22	function v4(options, buf, offset) {
    if (native_js_1.default.randomUUID && !buf && !options) {
        return native_js_1.default.randomUUID();
    }
    options = options || {};
    const rnds = options.random ?? options.rng?.() ?? (0, rng_js_1.default)();
    if (rnds.length < 16) {
        throw new Error('Random bytes length must be >= 16');
    }
    rnds[6] = (rnds[6] & 0x0f) | 0x40;
    rnds[8] = (rnds[8] & 0x3f) | 0x80;
    if (buf) {
        offset = offset || 0;
        if (offset < 0 || offset + 16 > buf.length) {
            throw new RangeError(`UUID byte range ${offset}:${offset + 15} is out of buffer bounds`);
        }
        for (let i = 0; i < 16; ++i) {
            buf[offset + i] = rnds[i];
        }
        return buf;
    }
    return (0, stringify_js_1.unsafeStringify)(rnds);
}	GET	/	undefined
20250421	9:02:22	function v4(options, buf, offset) {
    if (native_js_1.default.randomUUID && !buf && !options) {
        return native_js_1.default.randomUUID();
    }
    options = options || {};
    const rnds = options.random ?? options.rng?.() ?? (0, rng_js_1.default)();
    if (rnds.length < 16) {
        throw new Error('Random bytes length must be >= 16');
    }
    rnds[6] = (rnds[6] & 0x0f) | 0x40;
    rnds[8] = (rnds[8] & 0x3f) | 0x80;
    if (buf) {
        offset = offset || 0;
        if (offset < 0 || offset + 16 > buf.length) {
            throw new RangeError(`UUID byte range ${offset}:${offset + 15} is out of buffer bounds`);
        }
        for (let i = 0; i < 16; ++i) {
            buf[offset + i] = rnds[i];
        }
        return buf;
    }
    return (0, stringify_js_1.unsafeStringify)(rnds);
}	GET	/css/style.css	undefined
20250421	9:04:47	function v4(options, buf, offset) {
    if (native_js_1.default.randomUUID && !buf && !options) {
        return native_js_1.default.randomUUID();
    }
    options = options || {};
    const rnds = options.random ?? options.rng?.() ?? (0, rng_js_1.default)();
    if (rnds.length < 16) {
        throw new Error('Random bytes length must be >= 16');
    }
    rnds[6] = (rnds[6] & 0x0f) | 0x40;
    rnds[8] = (rnds[8] & 0x3f) | 0x80;
    if (buf) {
        offset = offset || 0;
        if (offset < 0 || offset + 16 > buf.length) {
            throw new RangeError(`UUID byte range ${offset}:${offset + 15} is out of buffer bounds`);
        }
        for (let i = 0; i < 16; ++i) {
            buf[offset + i] = rnds[i];
        }
        return buf;
    }
    return (0, stringify_js_1.unsafeStringify)(rnds);
}	GET	/	undefined
20250421	9:04:56	function v4(options, buf, offset) {
    if (native_js_1.default.randomUUID && !buf && !options) {
        return native_js_1.default.randomUUID();
    }
    options = options || {};
    const rnds = options.random ?? options.rng?.() ?? (0, rng_js_1.default)();
    if (rnds.length < 16) {
        throw new Error('Random bytes length must be >= 16');
    }
    rnds[6] = (rnds[6] & 0x0f) | 0x40;
    rnds[8] = (rnds[8] & 0x3f) | 0x80;
    if (buf) {
        offset = offset || 0;
        if (offset < 0 || offset + 16 > buf.length) {
            throw new RangeError(`UUID byte range ${offset}:${offset + 15} is out of buffer bounds`);
        }
        for (let i = 0; i < 16; ++i) {
            buf[offset + i] = rnds[i];
        }
        return buf;
    }
    return (0, stringify_js_1.unsafeStringify)(rnds);
}	GET	/books	undefined
20250421	9:05:18	function v4(options, buf, offset) {
    if (native_js_1.default.randomUUID && !buf && !options) {
        return native_js_1.default.randomUUID();
    }
    options = options || {};
    const rnds = options.random ?? options.rng?.() ?? (0, rng_js_1.default)();
    if (rnds.length < 16) {
        throw new Error('Random bytes length must be >= 16');
    }
    rnds[6] = (rnds[6] & 0x0f) | 0x40;
    rnds[8] = (rnds[8] & 0x3f) | 0x80;
    if (buf) {
        offset = offset || 0;
        if (offset < 0 || offset + 16 > buf.length) {
            throw new RangeError(`UUID byte range ${offset}:${offset + 15} is out of buffer bounds`);
        }
        for (let i = 0; i < 16; ++i) {
            buf[offset + i] = rnds[i];
        }
        return buf;
    }
    return (0, stringify_js_1.unsafeStringify)(rnds);
}	GET	/books/2	undefined
20250421	9:05:33	function v4(options, buf, offset) {
    if (native_js_1.default.randomUUID && !buf && !options) {
        return native_js_1.default.randomUUID();
    }
    options = options || {};
    const rnds = options.random ?? options.rng?.() ?? (0, rng_js_1.default)();
    if (rnds.length < 16) {
        throw new Error('Random bytes length must be >= 16');
    }
    rnds[6] = (rnds[6] & 0x0f) | 0x40;
    rnds[8] = (rnds[8] & 0x3f) | 0x80;
    if (buf) {
        offset = offset || 0;
        if (offset < 0 || offset + 16 > buf.length) {
            throw new RangeError(`UUID byte range ${offset}:${offset + 15} is out of buffer bounds`);
        }
        for (let i = 0; i < 16; ++i) {
            buf[offset + i] = rnds[i];
        }
        return buf;
    }
    return (0, stringify_js_1.unsafeStringify)(rnds);
}	GET	/books?3	undefined
20250421	9:05:43	function v4(options, buf, offset) {
    if (native_js_1.default.randomUUID && !buf && !options) {
        return native_js_1.default.randomUUID();
    }
    options = options || {};
    const rnds = options.random ?? options.rng?.() ?? (0, rng_js_1.default)();
    if (rnds.length < 16) {
        throw new Error('Random bytes length must be >= 16');
    }
    rnds[6] = (rnds[6] & 0x0f) | 0x40;
    rnds[8] = (rnds[8] & 0x3f) | 0x80;
    if (buf) {
        offset = offset || 0;
        if (offset < 0 || offset + 16 > buf.length) {
            throw new RangeError(`UUID byte range ${offset}:${offset + 15} is out of buffer bounds`);
        }
        for (let i = 0; i < 16; ++i) {
            buf[offset + i] = rnds[i];
        }
        return buf;
    }
    return (0, stringify_js_1.unsafeStringify)(rnds);
}	GET	/books/?3	undefined
20250421	9:07:01	function v4(options, buf, offset) {
    if (native_js_1.default.randomUUID && !buf && !options) {
        return native_js_1.default.randomUUID();
    }
    options = options || {};
    const rnds = options.random ?? options.rng?.() ?? (0, rng_js_1.default)();
    if (rnds.length < 16) {
        throw new Error('Random bytes length must be >= 16');
    }
    rnds[6] = (rnds[6] & 0x0f) | 0x40;
    rnds[8] = (rnds[8] & 0x3f) | 0x80;
    if (buf) {
        offset = offset || 0;
        if (offset < 0 || offset + 16 > buf.length) {
            throw new RangeError(`UUID byte range ${offset}:${offset + 15} is out of buffer bounds`);
        }
        for (let i = 0; i < 16; ++i) {
            buf[offset + i] = rnds[i];
        }
        return buf;
    }
    return (0, stringify_js_1.unsafeStringify)(rnds);
}	GET	/	undefined
20250421	9:07:27	function v4(options, buf, offset) {
    if (native_js_1.default.randomUUID && !buf && !options) {
        return native_js_1.default.randomUUID();
    }
    options = options || {};
    const rnds = options.random ?? options.rng?.() ?? (0, rng_js_1.default)();
    if (rnds.length < 16) {
        throw new Error('Random bytes length must be >= 16');
    }
    rnds[6] = (rnds[6] & 0x0f) | 0x40;
    rnds[8] = (rnds[8] & 0x3f) | 0x80;
    if (buf) {
        offset = offset || 0;
        if (offset < 0 || offset + 16 > buf.length) {
            throw new RangeError(`UUID byte range ${offset}:${offset + 15} is out of buffer bounds`);
        }
        for (let i = 0; i < 16; ++i) {
            buf[offset + i] = rnds[i];
        }
        return buf;
    }
    return (0, stringify_js_1.unsafeStringify)(rnds);
}	GET	/books	undefined
20250421	9:10:36	function v4(options, buf, offset) {
    if (native_js_1.default.randomUUID && !buf && !options) {
        return native_js_1.default.randomUUID();
    }
    options = options || {};
    const rnds = options.random ?? options.rng?.() ?? (0, rng_js_1.default)();
    if (rnds.length < 16) {
        throw new Error('Random bytes length must be >= 16');
    }
    rnds[6] = (rnds[6] & 0x0f) | 0x40;
    rnds[8] = (rnds[8] & 0x3f) | 0x80;
    if (buf) {
        offset = offset || 0;
        if (offset < 0 || offset + 16 > buf.length) {
            throw new RangeError(`UUID byte range ${offset}:${offset + 15} is out of buffer bounds`);
        }
        for (let i = 0; i < 16; ++i) {
            buf[offset + i] = rnds[i];
        }
        return buf;
    }
    return (0, stringify_js_1.unsafeStringify)(rnds);
}	POST	/books	undefined
20250421	9:12:31	function v4(options, buf, offset) {
    if (native_js_1.default.randomUUID && !buf && !options) {
        return native_js_1.default.randomUUID();
    }
    options = options || {};
    const rnds = options.random ?? options.rng?.() ?? (0, rng_js_1.default)();
    if (rnds.length < 16) {
        throw new Error('Random bytes length must be >= 16');
    }
    rnds[6] = (rnds[6] & 0x0f) | 0x40;
    rnds[8] = (rnds[8] & 0x3f) | 0x80;
    if (buf) {
        offset = offset || 0;
        if (offset < 0 || offset + 16 > buf.length) {
            throw new RangeError(`UUID byte range ${offset}:${offset + 15} is out of buffer bounds`);
        }
        for (let i = 0; i < 16; ++i) {
            buf[offset + i] = rnds[i];
        }
        return buf;
    }
    return (0, stringify_js_1.unsafeStringify)(rnds);
}	DELETE	/books?id=1	undefined
20250421	9:12:45	function v4(options, buf, offset) {
    if (native_js_1.default.randomUUID && !buf && !options) {
        return native_js_1.default.randomUUID();
    }
    options = options || {};
    const rnds = options.random ?? options.rng?.() ?? (0, rng_js_1.default)();
    if (rnds.length < 16) {
        throw new Error('Random bytes length must be >= 16');
    }
    rnds[6] = (rnds[6] & 0x0f) | 0x40;
    rnds[8] = (rnds[8] & 0x3f) | 0x80;
    if (buf) {
        offset = offset || 0;
        if (offset < 0 || offset + 16 > buf.length) {
            throw new RangeError(`UUID byte range ${offset}:${offset + 15} is out of buffer bounds`);
        }
        for (let i = 0; i < 16; ++i) {
            buf[offset + i] = rnds[i];
        }
        return buf;
    }
    return (0, stringify_js_1.unsafeStringify)(rnds);
}	POST	/books	undefined
20250421	9:13:36	function v4(options, buf, offset) {
    if (native_js_1.default.randomUUID && !buf && !options) {
        return native_js_1.default.randomUUID();
    }
    options = options || {};
    const rnds = options.random ?? options.rng?.() ?? (0, rng_js_1.default)();
    if (rnds.length < 16) {
        throw new Error('Random bytes length must be >= 16');
    }
    rnds[6] = (rnds[6] & 0x0f) | 0x40;
    rnds[8] = (rnds[8] & 0x3f) | 0x80;
    if (buf) {
        offset = offset || 0;
        if (offset < 0 || offset + 16 > buf.length) {
            throw new RangeError(`UUID byte range ${offset}:${offset + 15} is out of buffer bounds`);
        }
        for (let i = 0; i < 16; ++i) {
            buf[offset + i] = rnds[i];
        }
        return buf;
    }
    return (0, stringify_js_1.unsafeStringify)(rnds);
}	DELETE	/books?id=1	undefined
20250421	9:18:44	function v4(options, buf, offset) {
    if (native_js_1.default.randomUUID && !buf && !options) {
        return native_js_1.default.randomUUID();
    }
    options = options || {};
    const rnds = options.random ?? options.rng?.() ?? (0, rng_js_1.default)();
    if (rnds.length < 16) {
        throw new Error('Random bytes length must be >= 16');
    }
    rnds[6] = (rnds[6] & 0x0f) | 0x40;
    rnds[8] = (rnds[8] & 0x3f) | 0x80;
    if (buf) {
        offset = offset || 0;
        if (offset < 0 || offset + 16 > buf.length) {
            throw new RangeError(`UUID byte range ${offset}:${offset + 15} is out of buffer bounds`);
        }
        for (let i = 0; i < 16; ++i) {
            buf[offset + i] = rnds[i];
        }
        return buf;
    }
    return (0, stringify_js_1.unsafeStringify)(rnds);
}	DELETE	/books?id=1	undefined
20250421	9:18:46	function v4(options, buf, offset) {
    if (native_js_1.default.randomUUID && !buf && !options) {
        return native_js_1.default.randomUUID();
    }
    options = options || {};
    const rnds = options.random ?? options.rng?.() ?? (0, rng_js_1.default)();
    if (rnds.length < 16) {
        throw new Error('Random bytes length must be >= 16');
    }
    rnds[6] = (rnds[6] & 0x0f) | 0x40;
    rnds[8] = (rnds[8] & 0x3f) | 0x80;
    if (buf) {
        offset = offset || 0;
        if (offset < 0 || offset + 16 > buf.length) {
            throw new RangeError(`UUID byte range ${offset}:${offset + 15} is out of buffer bounds`);
        }
        for (let i = 0; i < 16; ++i) {
            buf[offset + i] = rnds[i];
        }
        return buf;
    }
    return (0, stringify_js_1.unsafeStringify)(rnds);
}	DELETE	/books?id=1	undefined
20250421	9:19:51	function v4(options, buf, offset) {
    if (native_js_1.default.randomUUID && !buf && !options) {
        return native_js_1.default.randomUUID();
    }
    options = options || {};
    const rnds = options.random ?? options.rng?.() ?? (0, rng_js_1.default)();
    if (rnds.length < 16) {
        throw new Error('Random bytes length must be >= 16');
    }
    rnds[6] = (rnds[6] & 0x0f) | 0x40;
    rnds[8] = (rnds[8] & 0x3f) | 0x80;
    if (buf) {
        offset = offset || 0;
        if (offset < 0 || offset + 16 > buf.length) {
            throw new RangeError(`UUID byte range ${offset}:${offset + 15} is out of buffer bounds`);
        }
        for (let i = 0; i < 16; ++i) {
            buf[offset + i] = rnds[i];
        }
        return buf;
    }
    return (0, stringify_js_1.unsafeStringify)(rnds);
}	GET	/books?id=1	undefined
20250421	9:20:27	function v4(options, buf, offset) {
    if (native_js_1.default.randomUUID && !buf && !options) {
        return native_js_1.default.randomUUID();
    }
    options = options || {};
    const rnds = options.random ?? options.rng?.() ?? (0, rng_js_1.default)();
    if (rnds.length < 16) {
        throw new Error('Random bytes length must be >= 16');
    }
    rnds[6] = (rnds[6] & 0x0f) | 0x40;
    rnds[8] = (rnds[8] & 0x3f) | 0x80;
    if (buf) {
        offset = offset || 0;
        if (offset < 0 || offset + 16 > buf.length) {
            throw new RangeError(`UUID byte range ${offset}:${offset + 15} is out of buffer bounds`);
        }
        for (let i = 0; i < 16; ++i) {
            buf[offset + i] = rnds[i];
        }
        return buf;
    }
    return (0, stringify_js_1.unsafeStringify)(rnds);
}	GET	/books?id=45	undefined
20250421	9:26:08	function v4(options, buf, offset) {
    if (native_js_1.default.randomUUID && !buf && !options) {
        return native_js_1.default.randomUUID();
    }
    options = options || {};
    const rnds = options.random ?? options.rng?.() ?? (0, rng_js_1.default)();
    if (rnds.length < 16) {
        throw new Error('Random bytes length must be >= 16');
    }
    rnds[6] = (rnds[6] & 0x0f) | 0x40;
    rnds[8] = (rnds[8] & 0x3f) | 0x80;
    if (buf) {
        offset = offset || 0;
        if (offset < 0 || offset + 16 > buf.length) {
            throw new RangeError(`UUID byte range ${offset}:${offset + 15} is out of buffer bounds`);
        }
        for (let i = 0; i < 16; ++i) {
            buf[offset + i] = rnds[i];
        }
        return buf;
    }
    return (0, stringify_js_1.unsafeStringify)(rnds);
}	GET	/books?id=45	undefined
20250421	9:26:47	function v4(options, buf, offset) {
    if (native_js_1.default.randomUUID && !buf && !options) {
        return native_js_1.default.randomUUID();
    }
    options = options || {};
    const rnds = options.random ?? options.rng?.() ?? (0, rng_js_1.default)();
    if (rnds.length < 16) {
        throw new Error('Random bytes length must be >= 16');
    }
    rnds[6] = (rnds[6] & 0x0f) | 0x40;
    rnds[8] = (rnds[8] & 0x3f) | 0x80;
    if (buf) {
        offset = offset || 0;
        if (offset < 0 || offset + 16 > buf.length) {
            throw new RangeError(`UUID byte range ${offset}:${offset + 15} is out of buffer bounds`);
        }
        for (let i = 0; i < 16; ++i) {
            buf[offset + i] = rnds[i];
        }
        return buf;
    }
    return (0, stringify_js_1.unsafeStringify)(rnds);
}	GET	/books?id=1	undefined
20250421	9:57:55	function v4(options, buf, offset) {
    if (native_js_1.default.randomUUID && !buf && !options) {
        return native_js_1.default.randomUUID();
    }
    options = options || {};
    const rnds = options.random ?? options.rng?.() ?? (0, rng_js_1.default)();
    if (rnds.length < 16) {
        throw new Error('Random bytes length must be >= 16');
    }
    rnds[6] = (rnds[6] & 0x0f) | 0x40;
    rnds[8] = (rnds[8] & 0x3f) | 0x80;
    if (buf) {
        offset = offset || 0;
        if (offset < 0 || offset + 16 > buf.length) {
            throw new RangeError(`UUID byte range ${offset}:${offset + 15} is out of buffer bounds`);
        }
        for (let i = 0; i < 16; ++i) {
            buf[offset + i] = rnds[i];
        }
        return buf;
    }
    return (0, stringify_js_1.unsafeStringify)(rnds);
}	GET	/books?id=1	undefined
20250421	9:58:03	function v4(options, buf, offset) {
    if (native_js_1.default.randomUUID && !buf && !options) {
        return native_js_1.default.randomUUID();
    }
    options = options || {};
    const rnds = options.random ?? options.rng?.() ?? (0, rng_js_1.default)();
    if (rnds.length < 16) {
        throw new Error('Random bytes length must be >= 16');
    }
    rnds[6] = (rnds[6] & 0x0f) | 0x40;
    rnds[8] = (rnds[8] & 0x3f) | 0x80;
    if (buf) {
        offset = offset || 0;
        if (offset < 0 || offset + 16 > buf.length) {
            throw new RangeError(`UUID byte range ${offset}:${offset + 15} is out of buffer bounds`);
        }
        for (let i = 0; i < 16; ++i) {
            buf[offset + i] = rnds[i];
        }
        return buf;
    }
    return (0, stringify_js_1.unsafeStringify)(rnds);
}	GET	/books?id=78	undefined
20250421	10:00:01	function v4(options, buf, offset) {
    if (native_js_1.default.randomUUID && !buf && !options) {
        return native_js_1.default.randomUUID();
    }
    options = options || {};
    const rnds = options.random ?? options.rng?.() ?? (0, rng_js_1.default)();
    if (rnds.length < 16) {
        throw new Error('Random bytes length must be >= 16');
    }
    rnds[6] = (rnds[6] & 0x0f) | 0x40;
    rnds[8] = (rnds[8] & 0x3f) | 0x80;
    if (buf) {
        offset = offset || 0;
        if (offset < 0 || offset + 16 > buf.length) {
            throw new RangeError(`UUID byte range ${offset}:${offset + 15} is out of buffer bounds`);
        }
        for (let i = 0; i < 16; ++i) {
            buf[offset + i] = rnds[i];
        }
        return buf;
    }
    return (0, stringify_js_1.unsafeStringify)(rnds);
}	GET	/books?id=78	undefined
20250421	10:00:34	function v4(options, buf, offset) {
    if (native_js_1.default.randomUUID && !buf && !options) {
        return native_js_1.default.randomUUID();
    }
    options = options || {};
    const rnds = options.random ?? options.rng?.() ?? (0, rng_js_1.default)();
    if (rnds.length < 16) {
        throw new Error('Random bytes length must be >= 16');
    }
    rnds[6] = (rnds[6] & 0x0f) | 0x40;
    rnds[8] = (rnds[8] & 0x3f) | 0x80;
    if (buf) {
        offset = offset || 0;
        if (offset < 0 || offset + 16 > buf.length) {
            throw new RangeError(`UUID byte range ${offset}:${offset + 15} is out of buffer bounds`);
        }
        for (let i = 0; i < 16; ++i) {
            buf[offset + i] = rnds[i];
        }
        return buf;
    }
    return (0, stringify_js_1.unsafeStringify)(rnds);
}	GET	/books?id=78	undefined
20250421	10:01:06	function v4(options, buf, offset) {
    if (native_js_1.default.randomUUID && !buf && !options) {
        return native_js_1.default.randomUUID();
    }
    options = options || {};
    const rnds = options.random ?? options.rng?.() ?? (0, rng_js_1.default)();
    if (rnds.length < 16) {
        throw new Error('Random bytes length must be >= 16');
    }
    rnds[6] = (rnds[6] & 0x0f) | 0x40;
    rnds[8] = (rnds[8] & 0x3f) | 0x80;
    if (buf) {
        offset = offset || 0;
        if (offset < 0 || offset + 16 > buf.length) {
            throw new RangeError(`UUID byte range ${offset}:${offset + 15} is out of buffer bounds`);
        }
        for (let i = 0; i < 16; ++i) {
            buf[offset + i] = rnds[i];
        }
        return buf;
    }
    return (0, stringify_js_1.unsafeStringify)(rnds);
}	GET	/books?id=78	undefined
20250421	10:03:25	function v4(options, buf, offset) {
    if (native_js_1.default.randomUUID && !buf && !options) {
        return native_js_1.default.randomUUID();
    }
    options = options || {};
    const rnds = options.random ?? options.rng?.() ?? (0, rng_js_1.default)();
    if (rnds.length < 16) {
        throw new Error('Random bytes length must be >= 16');
    }
    rnds[6] = (rnds[6] & 0x0f) | 0x40;
    rnds[8] = (rnds[8] & 0x3f) | 0x80;
    if (buf) {
        offset = offset || 0;
        if (offset < 0 || offset + 16 > buf.length) {
            throw new RangeError(`UUID byte range ${offset}:${offset + 15} is out of buffer bounds`);
        }
        for (let i = 0; i < 16; ++i) {
            buf[offset + i] = rnds[i];
        }
        return buf;
    }
    return (0, stringify_js_1.unsafeStringify)(rnds);
}	GET	/books?id=78	undefined
20250421	10:03:36	function v4(options, buf, offset) {
    if (native_js_1.default.randomUUID && !buf && !options) {
        return native_js_1.default.randomUUID();
    }
    options = options || {};
    const rnds = options.random ?? options.rng?.() ?? (0, rng_js_1.default)();
    if (rnds.length < 16) {
        throw new Error('Random bytes length must be >= 16');
    }
    rnds[6] = (rnds[6] & 0x0f) | 0x40;
    rnds[8] = (rnds[8] & 0x3f) | 0x80;
    if (buf) {
        offset = offset || 0;
        if (offset < 0 || offset + 16 > buf.length) {
            throw new RangeError(`UUID byte range ${offset}:${offset + 15} is out of buffer bounds`);
        }
        for (let i = 0; i < 16; ++i) {
            buf[offset + i] = rnds[i];
        }
        return buf;
    }
    return (0, stringify_js_1.unsafeStringify)(rnds);
}	GET	/books/?id=78	undefined
20250421	10:03:50	function v4(options, buf, offset) {
    if (native_js_1.default.randomUUID && !buf && !options) {
        return native_js_1.default.randomUUID();
    }
    options = options || {};
    const rnds = options.random ?? options.rng?.() ?? (0, rng_js_1.default)();
    if (rnds.length < 16) {
        throw new Error('Random bytes length must be >= 16');
    }
    rnds[6] = (rnds[6] & 0x0f) | 0x40;
    rnds[8] = (rnds[8] & 0x3f) | 0x80;
    if (buf) {
        offset = offset || 0;
        if (offset < 0 || offset + 16 > buf.length) {
            throw new RangeError(`UUID byte range ${offset}:${offset + 15} is out of buffer bounds`);
        }
        for (let i = 0; i < 16; ++i) {
            buf[offset + i] = rnds[i];
        }
        return buf;
    }
    return (0, stringify_js_1.unsafeStringify)(rnds);
}	GET	/books?id=78	undefined
20250421	10:04:14	function v4(options, buf, offset) {
    if (native_js_1.default.randomUUID && !buf && !options) {
        return native_js_1.default.randomUUID();
    }
    options = options || {};
    const rnds = options.random ?? options.rng?.() ?? (0, rng_js_1.default)();
    if (rnds.length < 16) {
        throw new Error('Random bytes length must be >= 16');
    }
    rnds[6] = (rnds[6] & 0x0f) | 0x40;
    rnds[8] = (rnds[8] & 0x3f) | 0x80;
    if (buf) {
        offset = offset || 0;
        if (offset < 0 || offset + 16 > buf.length) {
            throw new RangeError(`UUID byte range ${offset}:${offset + 15} is out of buffer bounds`);
        }
        for (let i = 0; i < 16; ++i) {
            buf[offset + i] = rnds[i];
        }
        return buf;
    }
    return (0, stringify_js_1.unsafeStringify)(rnds);
}	GET	/books?id=78	undefined
20250421	10:04:36	function v4(options, buf, offset) {
    if (native_js_1.default.randomUUID && !buf && !options) {
        return native_js_1.default.randomUUID();
    }
    options = options || {};
    const rnds = options.random ?? options.rng?.() ?? (0, rng_js_1.default)();
    if (rnds.length < 16) {
        throw new Error('Random bytes length must be >= 16');
    }
    rnds[6] = (rnds[6] & 0x0f) | 0x40;
    rnds[8] = (rnds[8] & 0x3f) | 0x80;
    if (buf) {
        offset = offset || 0;
        if (offset < 0 || offset + 16 > buf.length) {
            throw new RangeError(`UUID byte range ${offset}:${offset + 15} is out of buffer bounds`);
        }
        for (let i = 0; i < 16; ++i) {
            buf[offset + i] = rnds[i];
        }
        return buf;
    }
    return (0, stringify_js_1.unsafeStringify)(rnds);
}	GET	/books?id=78	undefined
20250421	10:07:58	function v4(options, buf, offset) {
    if (native_js_1.default.randomUUID && !buf && !options) {
        return native_js_1.default.randomUUID();
    }
    options = options || {};
    const rnds = options.random ?? options.rng?.() ?? (0, rng_js_1.default)();
    if (rnds.length < 16) {
        throw new Error('Random bytes length must be >= 16');
    }
    rnds[6] = (rnds[6] & 0x0f) | 0x40;
    rnds[8] = (rnds[8] & 0x3f) | 0x80;
    if (buf) {
        offset = offset || 0;
        if (offset < 0 || offset + 16 > buf.length) {
            throw new RangeError(`UUID byte range ${offset}:${offset + 15} is out of buffer bounds`);
        }
        for (let i = 0; i < 16; ++i) {
            buf[offset + i] = rnds[i];
        }
        return buf;
    }
    return (0, stringify_js_1.unsafeStringify)(rnds);
}	GET	/books/78	undefined
20250421	10:08:05	function v4(options, buf, offset) {
    if (native_js_1.default.randomUUID && !buf && !options) {
        return native_js_1.default.randomUUID();
    }
    options = options || {};
    const rnds = options.random ?? options.rng?.() ?? (0, rng_js_1.default)();
    if (rnds.length < 16) {
        throw new Error('Random bytes length must be >= 16');
    }
    rnds[6] = (rnds[6] & 0x0f) | 0x40;
    rnds[8] = (rnds[8] & 0x3f) | 0x80;
    if (buf) {
        offset = offset || 0;
        if (offset < 0 || offset + 16 > buf.length) {
            throw new RangeError(`UUID byte range ${offset}:${offset + 15} is out of buffer bounds`);
        }
        for (let i = 0; i < 16; ++i) {
            buf[offset + i] = rnds[i];
        }
        return buf;
    }
    return (0, stringify_js_1.unsafeStringify)(rnds);
}	GET	/books/1	undefined
20250421	10:15:27	function v4(options, buf, offset) {
    if (native_js_1.default.randomUUID && !buf && !options) {
        return native_js_1.default.randomUUID();
    }
    options = options || {};
    const rnds = options.random ?? options.rng?.() ?? (0, rng_js_1.default)();
    if (rnds.length < 16) {
        throw new Error('Random bytes length must be >= 16');
    }
    rnds[6] = (rnds[6] & 0x0f) | 0x40;
    rnds[8] = (rnds[8] & 0x3f) | 0x80;
    if (buf) {
        offset = offset || 0;
        if (offset < 0 || offset + 16 > buf.length) {
            throw new RangeError(`UUID byte range ${offset}:${offset + 15} is out of buffer bounds`);
        }
        for (let i = 0; i < 16; ++i) {
            buf[offset + i] = rnds[i];
        }
        return buf;
    }
    return (0, stringify_js_1.unsafeStringify)(rnds);
}	GET	/books/45	undefined
20250421	10:15:35	function v4(options, buf, offset) {
    if (native_js_1.default.randomUUID && !buf && !options) {
        return native_js_1.default.randomUUID();
    }
    options = options || {};
    const rnds = options.random ?? options.rng?.() ?? (0, rng_js_1.default)();
    if (rnds.length < 16) {
        throw new Error('Random bytes length must be >= 16');
    }
    rnds[6] = (rnds[6] & 0x0f) | 0x40;
    rnds[8] = (rnds[8] & 0x3f) | 0x80;
    if (buf) {
        offset = offset || 0;
        if (offset < 0 || offset + 16 > buf.length) {
            throw new RangeError(`UUID byte range ${offset}:${offset + 15} is out of buffer bounds`);
        }
        for (let i = 0; i < 16; ++i) {
            buf[offset + i] = rnds[i];
        }
        return buf;
    }
    return (0, stringify_js_1.unsafeStringify)(rnds);
}	GET	/books/j	undefined
20250421	10:15:40	function v4(options, buf, offset) {
    if (native_js_1.default.randomUUID && !buf && !options) {
        return native_js_1.default.randomUUID();
    }
    options = options || {};
    const rnds = options.random ?? options.rng?.() ?? (0, rng_js_1.default)();
    if (rnds.length < 16) {
        throw new Error('Random bytes length must be >= 16');
    }
    rnds[6] = (rnds[6] & 0x0f) | 0x40;
    rnds[8] = (rnds[8] & 0x3f) | 0x80;
    if (buf) {
        offset = offset || 0;
        if (offset < 0 || offset + 16 > buf.length) {
            throw new RangeError(`UUID byte range ${offset}:${offset + 15} is out of buffer bounds`);
        }
        for (let i = 0; i < 16; ++i) {
            buf[offset + i] = rnds[i];
        }
        return buf;
    }
    return (0, stringify_js_1.unsafeStringify)(rnds);
}	GET	/books/2	undefined
20250421	10:15:48	function v4(options, buf, offset) {
    if (native_js_1.default.randomUUID && !buf && !options) {
        return native_js_1.default.randomUUID();
    }
    options = options || {};
    const rnds = options.random ?? options.rng?.() ?? (0, rng_js_1.default)();
    if (rnds.length < 16) {
        throw new Error('Random bytes length must be >= 16');
    }
    rnds[6] = (rnds[6] & 0x0f) | 0x40;
    rnds[8] = (rnds[8] & 0x3f) | 0x80;
    if (buf) {
        offset = offset || 0;
        if (offset < 0 || offset + 16 > buf.length) {
            throw new RangeError(`UUID byte range ${offset}:${offset + 15} is out of buffer bounds`);
        }
        for (let i = 0; i < 16; ++i) {
            buf[offset + i] = rnds[i];
        }
        return buf;
    }
    return (0, stringify_js_1.unsafeStringify)(rnds);
}	DELETE	/books?id=1	undefined
20250421	10:16:02	function v4(options, buf, offset) {
    if (native_js_1.default.randomUUID && !buf && !options) {
        return native_js_1.default.randomUUID();
    }
    options = options || {};
    const rnds = options.random ?? options.rng?.() ?? (0, rng_js_1.default)();
    if (rnds.length < 16) {
        throw new Error('Random bytes length must be >= 16');
    }
    rnds[6] = (rnds[6] & 0x0f) | 0x40;
    rnds[8] = (rnds[8] & 0x3f) | 0x80;
    if (buf) {
        offset = offset || 0;
        if (offset < 0 || offset + 16 > buf.length) {
            throw new RangeError(`UUID byte range ${offset}:${offset + 15} is out of buffer bounds`);
        }
        for (let i = 0; i < 16; ++i) {
            buf[offset + i] = rnds[i];
        }
        return buf;
    }
    return (0, stringify_js_1.unsafeStringify)(rnds);
}	DELETE	/books/1	undefined
20250421	10:16:15	function v4(options, buf, offset) {
    if (native_js_1.default.randomUUID && !buf && !options) {
        return native_js_1.default.randomUUID();
    }
    options = options || {};
    const rnds = options.random ?? options.rng?.() ?? (0, rng_js_1.default)();
    if (rnds.length < 16) {
        throw new Error('Random bytes length must be >= 16');
    }
    rnds[6] = (rnds[6] & 0x0f) | 0x40;
    rnds[8] = (rnds[8] & 0x3f) | 0x80;
    if (buf) {
        offset = offset || 0;
        if (offset < 0 || offset + 16 > buf.length) {
            throw new RangeError(`UUID byte range ${offset}:${offset + 15} is out of buffer bounds`);
        }
        for (let i = 0; i < 16; ++i) {
            buf[offset + i] = rnds[i];
        }
        return buf;
    }
    return (0, stringify_js_1.unsafeStringify)(rnds);
}	POST	/books	undefined
20250421	10:16:27	function v4(options, buf, offset) {
    if (native_js_1.default.randomUUID && !buf && !options) {
        return native_js_1.default.randomUUID();
    }
    options = options || {};
    const rnds = options.random ?? options.rng?.() ?? (0, rng_js_1.default)();
    if (rnds.length < 16) {
        throw new Error('Random bytes length must be >= 16');
    }
    rnds[6] = (rnds[6] & 0x0f) | 0x40;
    rnds[8] = (rnds[8] & 0x3f) | 0x80;
    if (buf) {
        offset = offset || 0;
        if (offset < 0 || offset + 16 > buf.length) {
            throw new RangeError(`UUID byte range ${offset}:${offset + 15} is out of buffer bounds`);
        }
        for (let i = 0; i < 16; ++i) {
            buf[offset + i] = rnds[i];
        }
        return buf;
    }
    return (0, stringify_js_1.unsafeStringify)(rnds);
}	GET	/books	undefined
20250421	10:16:33	function v4(options, buf, offset) {
    if (native_js_1.default.randomUUID && !buf && !options) {
        return native_js_1.default.randomUUID();
    }
    options = options || {};
    const rnds = options.random ?? options.rng?.() ?? (0, rng_js_1.default)();
    if (rnds.length < 16) {
        throw new Error('Random bytes length must be >= 16');
    }
    rnds[6] = (rnds[6] & 0x0f) | 0x40;
    rnds[8] = (rnds[8] & 0x3f) | 0x80;
    if (buf) {
        offset = offset || 0;
        if (offset < 0 || offset + 16 > buf.length) {
            throw new RangeError(`UUID byte range ${offset}:${offset + 15} is out of buffer bounds`);
        }
        for (let i = 0; i < 16; ++i) {
            buf[offset + i] = rnds[i];
        }
        return buf;
    }
    return (0, stringify_js_1.unsafeStringify)(rnds);
}	GET	/	undefined
20250421	10:26:55	function v4(options, buf, offset) {
    if (native_js_1.default.randomUUID && !buf && !options) {
        return native_js_1.default.randomUUID();
    }
    options = options || {};
    const rnds = options.random ?? options.rng?.() ?? (0, rng_js_1.default)();
    if (rnds.length < 16) {
        throw new Error('Random bytes length must be >= 16');
    }
    rnds[6] = (rnds[6] & 0x0f) | 0x40;
    rnds[8] = (rnds[8] & 0x3f) | 0x80;
    if (buf) {
        offset = offset || 0;
        if (offset < 0 || offset + 16 > buf.length) {
            throw new RangeError(`UUID byte range ${offset}:${offset + 15} is out of buffer bounds`);
        }
        for (let i = 0; i < 16; ++i) {
            buf[offset + i] = rnds[i];
        }
        return buf;
    }
    return (0, stringify_js_1.unsafeStringify)(rnds);
}	GET	/	undefined
20250421	10:26:55	function v4(options, buf, offset) {
    if (native_js_1.default.randomUUID && !buf && !options) {
        return native_js_1.default.randomUUID();
    }
    options = options || {};
    const rnds = options.random ?? options.rng?.() ?? (0, rng_js_1.default)();
    if (rnds.length < 16) {
        throw new Error('Random bytes length must be >= 16');
    }
    rnds[6] = (rnds[6] & 0x0f) | 0x40;
    rnds[8] = (rnds[8] & 0x3f) | 0x80;
    if (buf) {
        offset = offset || 0;
        if (offset < 0 || offset + 16 > buf.length) {
            throw new RangeError(`UUID byte range ${offset}:${offset + 15} is out of buffer bounds`);
        }
        for (let i = 0; i < 16; ++i) {
            buf[offset + i] = rnds[i];
        }
        return buf;
    }
    return (0, stringify_js_1.unsafeStringify)(rnds);
}	GET	/css/style.css	undefined
20250421	10:26:55	function v4(options, buf, offset) {
    if (native_js_1.default.randomUUID && !buf && !options) {
        return native_js_1.default.randomUUID();
    }
    options = options || {};
    const rnds = options.random ?? options.rng?.() ?? (0, rng_js_1.default)();
    if (rnds.length < 16) {
        throw new Error('Random bytes length must be >= 16');
    }
    rnds[6] = (rnds[6] & 0x0f) | 0x40;
    rnds[8] = (rnds[8] & 0x3f) | 0x80;
    if (buf) {
        offset = offset || 0;
        if (offset < 0 || offset + 16 > buf.length) {
            throw new RangeError(`UUID byte range ${offset}:${offset + 15} is out of buffer bounds`);
        }
        for (let i = 0; i < 16; ++i) {
            buf[offset + i] = rnds[i];
        }
        return buf;
    }
    return (0, stringify_js_1.unsafeStringify)(rnds);
}	GET	/site.webmanifest	undefined
20250421	10:26:55	function v4(options, buf, offset) {
    if (native_js_1.default.randomUUID && !buf && !options) {
        return native_js_1.default.randomUUID();
    }
    options = options || {};
    const rnds = options.random ?? options.rng?.() ?? (0, rng_js_1.default)();
    if (rnds.length < 16) {
        throw new Error('Random bytes length must be >= 16');
    }
    rnds[6] = (rnds[6] & 0x0f) | 0x40;
    rnds[8] = (rnds[8] & 0x3f) | 0x80;
    if (buf) {
        offset = offset || 0;
        if (offset < 0 || offset + 16 > buf.length) {
            throw new RangeError(`UUID byte range ${offset}:${offset + 15} is out of buffer bounds`);
        }
        for (let i = 0; i < 16; ++i) {
            buf[offset + i] = rnds[i];
        }
        return buf;
    }
    return (0, stringify_js_1.unsafeStringify)(rnds);
}	GET	/favicon-32x32.png	undefined
20250421	10:26:56	function v4(options, buf, offset) {
    if (native_js_1.default.randomUUID && !buf && !options) {
        return native_js_1.default.randomUUID();
    }
    options = options || {};
    const rnds = options.random ?? options.rng?.() ?? (0, rng_js_1.default)();
    if (rnds.length < 16) {
        throw new Error('Random bytes length must be >= 16');
    }
    rnds[6] = (rnds[6] & 0x0f) | 0x40;
    rnds[8] = (rnds[8] & 0x3f) | 0x80;
    if (buf) {
        offset = offset || 0;
        if (offset < 0 || offset + 16 > buf.length) {
            throw new RangeError(`UUID byte range ${offset}:${offset + 15} is out of buffer bounds`);
        }
        for (let i = 0; i < 16; ++i) {
            buf[offset + i] = rnds[i];
        }
        return buf;
    }
    return (0, stringify_js_1.unsafeStringify)(rnds);
}	GET	/favicon-32x32.png	undefined
20250421	10:43:15	function v4(options, buf, offset) {
    if (native_js_1.default.randomUUID && !buf && !options) {
        return native_js_1.default.randomUUID();
    }
    options = options || {};
    const rnds = options.random ?? options.rng?.() ?? (0, rng_js_1.default)();
    if (rnds.length < 16) {
        throw new Error('Random bytes length must be >= 16');
    }
    rnds[6] = (rnds[6] & 0x0f) | 0x40;
    rnds[8] = (rnds[8] & 0x3f) | 0x80;
    if (buf) {
        offset = offset || 0;
        if (offset < 0 || offset + 16 > buf.length) {
            throw new RangeError(`UUID byte range ${offset}:${offset + 15} is out of buffer bounds`);
        }
        for (let i = 0; i < 16; ++i) {
            buf[offset + i] = rnds[i];
        }
        return buf;
    }
    return (0, stringify_js_1.unsafeStringify)(rnds);
}	GET	/	undefined
20250421	10:43:26	function v4(options, buf, offset) {
    if (native_js_1.default.randomUUID && !buf && !options) {
        return native_js_1.default.randomUUID();
    }
    options = options || {};
    const rnds = options.random ?? options.rng?.() ?? (0, rng_js_1.default)();
    if (rnds.length < 16) {
        throw new Error('Random bytes length must be >= 16');
    }
    rnds[6] = (rnds[6] & 0x0f) | 0x40;
    rnds[8] = (rnds[8] & 0x3f) | 0x80;
    if (buf) {
        offset = offset || 0;
        if (offset < 0 || offset + 16 > buf.length) {
            throw new RangeError(`UUID byte range ${offset}:${offset + 15} is out of buffer bounds`);
        }
        for (let i = 0; i < 16; ++i) {
            buf[offset + i] = rnds[i];
        }
        return buf;
    }
    return (0, stringify_js_1.unsafeStringify)(rnds);
}	GET	/nana	undefined
20250421	10:43:31	function v4(options, buf, offset) {
    if (native_js_1.default.randomUUID && !buf && !options) {
        return native_js_1.default.randomUUID();
    }
    options = options || {};
    const rnds = options.random ?? options.rng?.() ?? (0, rng_js_1.default)();
    if (rnds.length < 16) {
        throw new Error('Random bytes length must be >= 16');
    }
    rnds[6] = (rnds[6] & 0x0f) | 0x40;
    rnds[8] = (rnds[8] & 0x3f) | 0x80;
    if (buf) {
        offset = offset || 0;
        if (offset < 0 || offset + 16 > buf.length) {
            throw new RangeError(`UUID byte range ${offset}:${offset + 15} is out of buffer bounds`);
        }
        for (let i = 0; i < 16; ++i) {
            buf[offset + i] = rnds[i];
        }
        return buf;
    }
    return (0, stringify_js_1.unsafeStringify)(rnds);
}	GET	/nana	undefined
20250421	10:43:55	function v4(options, buf, offset) {
    if (native_js_1.default.randomUUID && !buf && !options) {
        return native_js_1.default.randomUUID();
    }
    options = options || {};
    const rnds = options.random ?? options.rng?.() ?? (0, rng_js_1.default)();
    if (rnds.length < 16) {
        throw new Error('Random bytes length must be >= 16');
    }
    rnds[6] = (rnds[6] & 0x0f) | 0x40;
    rnds[8] = (rnds[8] & 0x3f) | 0x80;
    if (buf) {
        offset = offset || 0;
        if (offset < 0 || offset + 16 > buf.length) {
            throw new RangeError(`UUID byte range ${offset}:${offset + 15} is out of buffer bounds`);
        }
        for (let i = 0; i < 16; ++i) {
            buf[offset + i] = rnds[i];
        }
        return buf;
    }
    return (0, stringify_js_1.unsafeStringify)(rnds);
}	GET	/	undefined
20250421	10:44:03	function v4(options, buf, offset) {
    if (native_js_1.default.randomUUID && !buf && !options) {
        return native_js_1.default.randomUUID();
    }
    options = options || {};
    const rnds = options.random ?? options.rng?.() ?? (0, rng_js_1.default)();
    if (rnds.length < 16) {
        throw new Error('Random bytes length must be >= 16');
    }
    rnds[6] = (rnds[6] & 0x0f) | 0x40;
    rnds[8] = (rnds[8] & 0x3f) | 0x80;
    if (buf) {
        offset = offset || 0;
        if (offset < 0 || offset + 16 > buf.length) {
            throw new RangeError(`UUID byte range ${offset}:${offset + 15} is out of buffer bounds`);
        }
        for (let i = 0; i < 16; ++i) {
            buf[offset + i] = rnds[i];
        }
        return buf;
    }
    return (0, stringify_js_1.unsafeStringify)(rnds);
}	GET	/nana	undefined
20250421	10:45:27	function v4(options, buf, offset) {
    if (native_js_1.default.randomUUID && !buf && !options) {
        return native_js_1.default.randomUUID();
    }
    options = options || {};
    const rnds = options.random ?? options.rng?.() ?? (0, rng_js_1.default)();
    if (rnds.length < 16) {
        throw new Error('Random bytes length must be >= 16');
    }
    rnds[6] = (rnds[6] & 0x0f) | 0x40;
    rnds[8] = (rnds[8] & 0x3f) | 0x80;
    if (buf) {
        offset = offset || 0;
        if (offset < 0 || offset + 16 > buf.length) {
            throw new RangeError(`UUID byte range ${offset}:${offset + 15} is out of buffer bounds`);
        }
        for (let i = 0; i < 16; ++i) {
            buf[offset + i] = rnds[i];
        }
        return buf;
    }
    return (0, stringify_js_1.unsafeStringify)(rnds);
}	GET	/nan	undefined
20250421	10:45:56	function v4(options, buf, offset) {
    if (native_js_1.default.randomUUID && !buf && !options) {
        return native_js_1.default.randomUUID();
    }
    options = options || {};
    const rnds = options.random ?? options.rng?.() ?? (0, rng_js_1.default)();
    if (rnds.length < 16) {
        throw new Error('Random bytes length must be >= 16');
    }
    rnds[6] = (rnds[6] & 0x0f) | 0x40;
    rnds[8] = (rnds[8] & 0x3f) | 0x80;
    if (buf) {
        offset = offset || 0;
        if (offset < 0 || offset + 16 > buf.length) {
            throw new RangeError(`UUID byte range ${offset}:${offset + 15} is out of buffer bounds`);
        }
        for (let i = 0; i < 16; ++i) {
            buf[offset + i] = rnds[i];
        }
        return buf;
    }
    return (0, stringify_js_1.unsafeStringify)(rnds);
}	GET	/nan	undefined
20250421	10:48:03	function v4(options, buf, offset) {
    if (native_js_1.default.randomUUID && !buf && !options) {
        return native_js_1.default.randomUUID();
    }
    options = options || {};
    const rnds = options.random ?? options.rng?.() ?? (0, rng_js_1.default)();
    if (rnds.length < 16) {
        throw new Error('Random bytes length must be >= 16');
    }
    rnds[6] = (rnds[6] & 0x0f) | 0x40;
    rnds[8] = (rnds[8] & 0x3f) | 0x80;
    if (buf) {
        offset = offset || 0;
        if (offset < 0 || offset + 16 > buf.length) {
            throw new RangeError(`UUID byte range ${offset}:${offset + 15} is out of buffer bounds`);
        }
        for (let i = 0; i < 16; ++i) {
            buf[offset + i] = rnds[i];
        }
        return buf;
    }
    return (0, stringify_js_1.unsafeStringify)(rnds);
}	GET	/nan	undefined
20250421	10:50:36	function v4(options, buf, offset) {
    if (native_js_1.default.randomUUID && !buf && !options) {
        return native_js_1.default.randomUUID();
    }
    options = options || {};
    const rnds = options.random ?? options.rng?.() ?? (0, rng_js_1.default)();
    if (rnds.length < 16) {
        throw new Error('Random bytes length must be >= 16');
    }
    rnds[6] = (rnds[6] & 0x0f) | 0x40;
    rnds[8] = (rnds[8] & 0x3f) | 0x80;
    if (buf) {
        offset = offset || 0;
        if (offset < 0 || offset + 16 > buf.length) {
            throw new RangeError(`UUID byte range ${offset}:${offset + 15} is out of buffer bounds`);
        }
        for (let i = 0; i < 16; ++i) {
            buf[offset + i] = rnds[i];
        }
        return buf;
    }
    return (0, stringify_js_1.unsafeStringify)(rnds);
}	GET	/nan	undefined
20250421	10:50:44	function v4(options, buf, offset) {
    if (native_js_1.default.randomUUID && !buf && !options) {
        return native_js_1.default.randomUUID();
    }
    options = options || {};
    const rnds = options.random ?? options.rng?.() ?? (0, rng_js_1.default)();
    if (rnds.length < 16) {
        throw new Error('Random bytes length must be >= 16');
    }
    rnds[6] = (rnds[6] & 0x0f) | 0x40;
    rnds[8] = (rnds[8] & 0x3f) | 0x80;
    if (buf) {
        offset = offset || 0;
        if (offset < 0 || offset + 16 > buf.length) {
            throw new RangeError(`UUID byte range ${offset}:${offset + 15} is out of buffer bounds`);
        }
        for (let i = 0; i < 16; ++i) {
            buf[offset + i] = rnds[i];
        }
        return buf;
    }
    return (0, stringify_js_1.unsafeStringify)(rnds);
}	GET	/nan	undefined
20250421	10:50:52	function v4(options, buf, offset) {
    if (native_js_1.default.randomUUID && !buf && !options) {
        return native_js_1.default.randomUUID();
    }
    options = options || {};
    const rnds = options.random ?? options.rng?.() ?? (0, rng_js_1.default)();
    if (rnds.length < 16) {
        throw new Error('Random bytes length must be >= 16');
    }
    rnds[6] = (rnds[6] & 0x0f) | 0x40;
    rnds[8] = (rnds[8] & 0x3f) | 0x80;
    if (buf) {
        offset = offset || 0;
        if (offset < 0 || offset + 16 > buf.length) {
            throw new RangeError(`UUID byte range ${offset}:${offset + 15} is out of buffer bounds`);
        }
        for (let i = 0; i < 16; ++i) {
            buf[offset + i] = rnds[i];
        }
        return buf;
    }
    return (0, stringify_js_1.unsafeStringify)(rnds);
}	GET	/	undefined
20250421	10:50:57	function v4(options, buf, offset) {
    if (native_js_1.default.randomUUID && !buf && !options) {
        return native_js_1.default.randomUUID();
    }
    options = options || {};
    const rnds = options.random ?? options.rng?.() ?? (0, rng_js_1.default)();
    if (rnds.length < 16) {
        throw new Error('Random bytes length must be >= 16');
    }
    rnds[6] = (rnds[6] & 0x0f) | 0x40;
    rnds[8] = (rnds[8] & 0x3f) | 0x80;
    if (buf) {
        offset = offset || 0;
        if (offset < 0 || offset + 16 > buf.length) {
            throw new RangeError(`UUID byte range ${offset}:${offset + 15} is out of buffer bounds`);
        }
        for (let i = 0; i < 16; ++i) {
            buf[offset + i] = rnds[i];
        }
        return buf;
    }
    return (0, stringify_js_1.unsafeStringify)(rnds);
}	GET	/nana	undefined
20250421	10:51:32	function v4(options, buf, offset) {
    if (native_js_1.default.randomUUID && !buf && !options) {
        return native_js_1.default.randomUUID();
    }
    options = options || {};
    const rnds = options.random ?? options.rng?.() ?? (0, rng_js_1.default)();
    if (rnds.length < 16) {
        throw new Error('Random bytes length must be >= 16');
    }
    rnds[6] = (rnds[6] & 0x0f) | 0x40;
    rnds[8] = (rnds[8] & 0x3f) | 0x80;
    if (buf) {
        offset = offset || 0;
        if (offset < 0 || offset + 16 > buf.length) {
            throw new RangeError(`UUID byte range ${offset}:${offset + 15} is out of buffer bounds`);
        }
        for (let i = 0; i < 16; ++i) {
            buf[offset + i] = rnds[i];
        }
        return buf;
    }
    return (0, stringify_js_1.unsafeStringify)(rnds);
}	GET	/nana	undefined
20250421	10:51:40	function v4(options, buf, offset) {
    if (native_js_1.default.randomUUID && !buf && !options) {
        return native_js_1.default.randomUUID();
    }
    options = options || {};
    const rnds = options.random ?? options.rng?.() ?? (0, rng_js_1.default)();
    if (rnds.length < 16) {
        throw new Error('Random bytes length must be >= 16');
    }
    rnds[6] = (rnds[6] & 0x0f) | 0x40;
    rnds[8] = (rnds[8] & 0x3f) | 0x80;
    if (buf) {
        offset = offset || 0;
        if (offset < 0 || offset + 16 > buf.length) {
            throw new RangeError(`UUID byte range ${offset}:${offset + 15} is out of buffer bounds`);
        }
        for (let i = 0; i < 16; ++i) {
            buf[offset + i] = rnds[i];
        }
        return buf;
    }
    return (0, stringify_js_1.unsafeStringify)(rnds);
}	GET	/nana	undefined
20250421	10:52:12	function v4(options, buf, offset) {
    if (native_js_1.default.randomUUID && !buf && !options) {
        return native_js_1.default.randomUUID();
    }
    options = options || {};
    const rnds = options.random ?? options.rng?.() ?? (0, rng_js_1.default)();
    if (rnds.length < 16) {
        throw new Error('Random bytes length must be >= 16');
    }
    rnds[6] = (rnds[6] & 0x0f) | 0x40;
    rnds[8] = (rnds[8] & 0x3f) | 0x80;
    if (buf) {
        offset = offset || 0;
        if (offset < 0 || offset + 16 > buf.length) {
            throw new RangeError(`UUID byte range ${offset}:${offset + 15} is out of buffer bounds`);
        }
        for (let i = 0; i < 16; ++i) {
            buf[offset + i] = rnds[i];
        }
        return buf;
    }
    return (0, stringify_js_1.unsafeStringify)(rnds);
}	GET	/nana	undefined
20250421	10:52:40	function v4(options, buf, offset) {
    if (native_js_1.default.randomUUID && !buf && !options) {
        return native_js_1.default.randomUUID();
    }
    options = options || {};
    const rnds = options.random ?? options.rng?.() ?? (0, rng_js_1.default)();
    if (rnds.length < 16) {
        throw new Error('Random bytes length must be >= 16');
    }
    rnds[6] = (rnds[6] & 0x0f) | 0x40;
    rnds[8] = (rnds[8] & 0x3f) | 0x80;
    if (buf) {
        offset = offset || 0;
        if (offset < 0 || offset + 16 > buf.length) {
            throw new RangeError(`UUID byte range ${offset}:${offset + 15} is out of buffer bounds`);
        }
        for (let i = 0; i < 16; ++i) {
            buf[offset + i] = rnds[i];
        }
        return buf;
    }
    return (0, stringify_js_1.unsafeStringify)(rnds);
}	GET	/nana	undefined
20250421	10:52:43	function v4(options, buf, offset) {
    if (native_js_1.default.randomUUID && !buf && !options) {
        return native_js_1.default.randomUUID();
    }
    options = options || {};
    const rnds = options.random ?? options.rng?.() ?? (0, rng_js_1.default)();
    if (rnds.length < 16) {
        throw new Error('Random bytes length must be >= 16');
    }
    rnds[6] = (rnds[6] & 0x0f) | 0x40;
    rnds[8] = (rnds[8] & 0x3f) | 0x80;
    if (buf) {
        offset = offset || 0;
        if (offset < 0 || offset + 16 > buf.length) {
            throw new RangeError(`UUID byte range ${offset}:${offset + 15} is out of buffer bounds`);
        }
        for (let i = 0; i < 16; ++i) {
            buf[offset + i] = rnds[i];
        }
        return buf;
    }
    return (0, stringify_js_1.unsafeStringify)(rnds);
}	GET	/nana	undefined
20250421	10:52:45	function v4(options, buf, offset) {
    if (native_js_1.default.randomUUID && !buf && !options) {
        return native_js_1.default.randomUUID();
    }
    options = options || {};
    const rnds = options.random ?? options.rng?.() ?? (0, rng_js_1.default)();
    if (rnds.length < 16) {
        throw new Error('Random bytes length must be >= 16');
    }
    rnds[6] = (rnds[6] & 0x0f) | 0x40;
    rnds[8] = (rnds[8] & 0x3f) | 0x80;
    if (buf) {
        offset = offset || 0;
        if (offset < 0 || offset + 16 > buf.length) {
            throw new RangeError(`UUID byte range ${offset}:${offset + 15} is out of buffer bounds`);
        }
        for (let i = 0; i < 16; ++i) {
            buf[offset + i] = rnds[i];
        }
        return buf;
    }
    return (0, stringify_js_1.unsafeStringify)(rnds);
}	GET	/nana	undefined
20250421	10:52:46	function v4(options, buf, offset) {
    if (native_js_1.default.randomUUID && !buf && !options) {
        return native_js_1.default.randomUUID();
    }
    options = options || {};
    const rnds = options.random ?? options.rng?.() ?? (0, rng_js_1.default)();
    if (rnds.length < 16) {
        throw new Error('Random bytes length must be >= 16');
    }
    rnds[6] = (rnds[6] & 0x0f) | 0x40;
    rnds[8] = (rnds[8] & 0x3f) | 0x80;
    if (buf) {
        offset = offset || 0;
        if (offset < 0 || offset + 16 > buf.length) {
            throw new RangeError(`UUID byte range ${offset}:${offset + 15} is out of buffer bounds`);
        }
        for (let i = 0; i < 16; ++i) {
            buf[offset + i] = rnds[i];
        }
        return buf;
    }
    return (0, stringify_js_1.unsafeStringify)(rnds);
}	GET	/nana	undefined
20250421	10:52:47	function v4(options, buf, offset) {
    if (native_js_1.default.randomUUID && !buf && !options) {
        return native_js_1.default.randomUUID();
    }
    options = options || {};
    const rnds = options.random ?? options.rng?.() ?? (0, rng_js_1.default)();
    if (rnds.length < 16) {
        throw new Error('Random bytes length must be >= 16');
    }
    rnds[6] = (rnds[6] & 0x0f) | 0x40;
    rnds[8] = (rnds[8] & 0x3f) | 0x80;
    if (buf) {
        offset = offset || 0;
        if (offset < 0 || offset + 16 > buf.length) {
            throw new RangeError(`UUID byte range ${offset}:${offset + 15} is out of buffer bounds`);
        }
        for (let i = 0; i < 16; ++i) {
            buf[offset + i] = rnds[i];
        }
        return buf;
    }
    return (0, stringify_js_1.unsafeStringify)(rnds);
}	GET	/nana	undefined
20250421	10:52:48	function v4(options, buf, offset) {
    if (native_js_1.default.randomUUID && !buf && !options) {
        return native_js_1.default.randomUUID();
    }
    options = options || {};
    const rnds = options.random ?? options.rng?.() ?? (0, rng_js_1.default)();
    if (rnds.length < 16) {
        throw new Error('Random bytes length must be >= 16');
    }
    rnds[6] = (rnds[6] & 0x0f) | 0x40;
    rnds[8] = (rnds[8] & 0x3f) | 0x80;
    if (buf) {
        offset = offset || 0;
        if (offset < 0 || offset + 16 > buf.length) {
            throw new RangeError(`UUID byte range ${offset}:${offset + 15} is out of buffer bounds`);
        }
        for (let i = 0; i < 16; ++i) {
            buf[offset + i] = rnds[i];
        }
        return buf;
    }
    return (0, stringify_js_1.unsafeStringify)(rnds);
}	GET	/nana	undefined
20250421	10:52:49	function v4(options, buf, offset) {
    if (native_js_1.default.randomUUID && !buf && !options) {
        return native_js_1.default.randomUUID();
    }
    options = options || {};
    const rnds = options.random ?? options.rng?.() ?? (0, rng_js_1.default)();
    if (rnds.length < 16) {
        throw new Error('Random bytes length must be >= 16');
    }
    rnds[6] = (rnds[6] & 0x0f) | 0x40;
    rnds[8] = (rnds[8] & 0x3f) | 0x80;
    if (buf) {
        offset = offset || 0;
        if (offset < 0 || offset + 16 > buf.length) {
            throw new RangeError(`UUID byte range ${offset}:${offset + 15} is out of buffer bounds`);
        }
        for (let i = 0; i < 16; ++i) {
            buf[offset + i] = rnds[i];
        }
        return buf;
    }
    return (0, stringify_js_1.unsafeStringify)(rnds);
}	GET	/nana	undefined
20250421	10:53:12	function v4(options, buf, offset) {
    if (native_js_1.default.randomUUID && !buf && !options) {
        return native_js_1.default.randomUUID();
    }
    options = options || {};
    const rnds = options.random ?? options.rng?.() ?? (0, rng_js_1.default)();
    if (rnds.length < 16) {
        throw new Error('Random bytes length must be >= 16');
    }
    rnds[6] = (rnds[6] & 0x0f) | 0x40;
    rnds[8] = (rnds[8] & 0x3f) | 0x80;
    if (buf) {
        offset = offset || 0;
        if (offset < 0 || offset + 16 > buf.length) {
            throw new RangeError(`UUID byte range ${offset}:${offset + 15} is out of buffer bounds`);
        }
        for (let i = 0; i < 16; ++i) {
            buf[offset + i] = rnds[i];
        }
        return buf;
    }
    return (0, stringify_js_1.unsafeStringify)(rnds);
}	GET	/nana	undefined
20250421	10:53:27	function v4(options, buf, offset) {
    if (native_js_1.default.randomUUID && !buf && !options) {
        return native_js_1.default.randomUUID();
    }
    options = options || {};
    const rnds = options.random ?? options.rng?.() ?? (0, rng_js_1.default)();
    if (rnds.length < 16) {
        throw new Error('Random bytes length must be >= 16');
    }
    rnds[6] = (rnds[6] & 0x0f) | 0x40;
    rnds[8] = (rnds[8] & 0x3f) | 0x80;
    if (buf) {
        offset = offset || 0;
        if (offset < 0 || offset + 16 > buf.length) {
            throw new RangeError(`UUID byte range ${offset}:${offset + 15} is out of buffer bounds`);
        }
        for (let i = 0; i < 16; ++i) {
            buf[offset + i] = rnds[i];
        }
        return buf;
    }
    return (0, stringify_js_1.unsafeStringify)(rnds);
}	GET	/nana	undefined
20250421	10:54:04	function v4(options, buf, offset) {
    if (native_js_1.default.randomUUID && !buf && !options) {
        return native_js_1.default.randomUUID();
    }
    options = options || {};
    const rnds = options.random ?? options.rng?.() ?? (0, rng_js_1.default)();
    if (rnds.length < 16) {
        throw new Error('Random bytes length must be >= 16');
    }
    rnds[6] = (rnds[6] & 0x0f) | 0x40;
    rnds[8] = (rnds[8] & 0x3f) | 0x80;
    if (buf) {
        offset = offset || 0;
        if (offset < 0 || offset + 16 > buf.length) {
            throw new RangeError(`UUID byte range ${offset}:${offset + 15} is out of buffer bounds`);
        }
        for (let i = 0; i < 16; ++i) {
            buf[offset + i] = rnds[i];
        }
        return buf;
    }
    return (0, stringify_js_1.unsafeStringify)(rnds);
}	GET	/nana	undefined
20250421	10:54:13	function v4(options, buf, offset) {
    if (native_js_1.default.randomUUID && !buf && !options) {
        return native_js_1.default.randomUUID();
    }
    options = options || {};
    const rnds = options.random ?? options.rng?.() ?? (0, rng_js_1.default)();
    if (rnds.length < 16) {
        throw new Error('Random bytes length must be >= 16');
    }
    rnds[6] = (rnds[6] & 0x0f) | 0x40;
    rnds[8] = (rnds[8] & 0x3f) | 0x80;
    if (buf) {
        offset = offset || 0;
        if (offset < 0 || offset + 16 > buf.length) {
            throw new RangeError(`UUID byte range ${offset}:${offset + 15} is out of buffer bounds`);
        }
        for (let i = 0; i < 16; ++i) {
            buf[offset + i] = rnds[i];
        }
        return buf;
    }
    return (0, stringify_js_1.unsafeStringify)(rnds);
}	GET	/nana	undefined
20250421	10:54:14	function v4(options, buf, offset) {
    if (native_js_1.default.randomUUID && !buf && !options) {
        return native_js_1.default.randomUUID();
    }
    options = options || {};
    const rnds = options.random ?? options.rng?.() ?? (0, rng_js_1.default)();
    if (rnds.length < 16) {
        throw new Error('Random bytes length must be >= 16');
    }
    rnds[6] = (rnds[6] & 0x0f) | 0x40;
    rnds[8] = (rnds[8] & 0x3f) | 0x80;
    if (buf) {
        offset = offset || 0;
        if (offset < 0 || offset + 16 > buf.length) {
            throw new RangeError(`UUID byte range ${offset}:${offset + 15} is out of buffer bounds`);
        }
        for (let i = 0; i < 16; ++i) {
            buf[offset + i] = rnds[i];
        }
        return buf;
    }
    return (0, stringify_js_1.unsafeStringify)(rnds);
}	GET	/css/style.css	undefined
20250421	11:04:42	function v4(options, buf, offset) {
    if (native_js_1.default.randomUUID && !buf && !options) {
        return native_js_1.default.randomUUID();
    }
    options = options || {};
    const rnds = options.random ?? options.rng?.() ?? (0, rng_js_1.default)();
    if (rnds.length < 16) {
        throw new Error('Random bytes length must be >= 16');
    }
    rnds[6] = (rnds[6] & 0x0f) | 0x40;
    rnds[8] = (rnds[8] & 0x3f) | 0x80;
    if (buf) {
        offset = offset || 0;
        if (offset < 0 || offset + 16 > buf.length) {
            throw new RangeError(`UUID byte range ${offset}:${offset + 15} is out of buffer bounds`);
        }
        for (let i = 0; i < 16; ++i) {
            buf[offset + i] = rnds[i];
        }
        return buf;
    }
    return (0, stringify_js_1.unsafeStringify)(rnds);
}	GET	/books?author=Jane%20Austen	undefined
20250421	11:06:37	function v4(options, buf, offset) {
    if (native_js_1.default.randomUUID && !buf && !options) {
        return native_js_1.default.randomUUID();
    }
    options = options || {};
    const rnds = options.random ?? options.rng?.() ?? (0, rng_js_1.default)();
    if (rnds.length < 16) {
        throw new Error('Random bytes length must be >= 16');
    }
    rnds[6] = (rnds[6] & 0x0f) | 0x40;
    rnds[8] = (rnds[8] & 0x3f) | 0x80;
    if (buf) {
        offset = offset || 0;
        if (offset < 0 || offset + 16 > buf.length) {
            throw new RangeError(`UUID byte range ${offset}:${offset + 15} is out of buffer bounds`);
        }
        for (let i = 0; i < 16; ++i) {
            buf[offset + i] = rnds[i];
        }
        return buf;
    }
    return (0, stringify_js_1.unsafeStringify)(rnds);
}	GET	/books?title=Pride&author=Austen	undefined
20250421	11:08:32	function v4(options, buf, offset) {
    if (native_js_1.default.randomUUID && !buf && !options) {
        return native_js_1.default.randomUUID();
    }
    options = options || {};
    const rnds = options.random ?? options.rng?.() ?? (0, rng_js_1.default)();
    if (rnds.length < 16) {
        throw new Error('Random bytes length must be >= 16');
    }
    rnds[6] = (rnds[6] & 0x0f) | 0x40;
    rnds[8] = (rnds[8] & 0x3f) | 0x80;
    if (buf) {
        offset = offset || 0;
        if (offset < 0 || offset + 16 > buf.length) {
            throw new RangeError(`UUID byte range ${offset}:${offset + 15} is out of buffer bounds`);
        }
        for (let i = 0; i < 16; ++i) {
            buf[offset + i] = rnds[i];
        }
        return buf;
    }
    return (0, stringify_js_1.unsafeStringify)(rnds);
}	GET	/books?title=Pride&author=Austen	undefined
20250421	11:09:17	function v4(options, buf, offset) {
    if (native_js_1.default.randomUUID && !buf && !options) {
        return native_js_1.default.randomUUID();
    }
    options = options || {};
    const rnds = options.random ?? options.rng?.() ?? (0, rng_js_1.default)();
    if (rnds.length < 16) {
        throw new Error('Random bytes length must be >= 16');
    }
    rnds[6] = (rnds[6] & 0x0f) | 0x40;
    rnds[8] = (rnds[8] & 0x3f) | 0x80;
    if (buf) {
        offset = offset || 0;
        if (offset < 0 || offset + 16 > buf.length) {
            throw new RangeError(`UUID byte range ${offset}:${offset + 15} is out of buffer bounds`);
        }
        for (let i = 0; i < 16; ++i) {
            buf[offset + i] = rnds[i];
        }
        return buf;
    }
    return (0, stringify_js_1.unsafeStringify)(rnds);
}	GET	/books?title=Pride&author=Austen	undefined
20250421	11:09:25	function v4(options, buf, offset) {
    if (native_js_1.default.randomUUID && !buf && !options) {
        return native_js_1.default.randomUUID();
    }
    options = options || {};
    const rnds = options.random ?? options.rng?.() ?? (0, rng_js_1.default)();
    if (rnds.length < 16) {
        throw new Error('Random bytes length must be >= 16');
    }
    rnds[6] = (rnds[6] & 0x0f) | 0x40;
    rnds[8] = (rnds[8] & 0x3f) | 0x80;
    if (buf) {
        offset = offset || 0;
        if (offset < 0 || offset + 16 > buf.length) {
            throw new RangeError(`UUID byte range ${offset}:${offset + 15} is out of buffer bounds`);
        }
        for (let i = 0; i < 16; ++i) {
            buf[offset + i] = rnds[i];
        }
        return buf;
    }
    return (0, stringify_js_1.unsafeStringify)(rnds);
}	GET	/books?title=Pride&author=Austen	undefined
20250421	11:16:09	function v4(options, buf, offset) {
    if (native_js_1.default.randomUUID && !buf && !options) {
        return native_js_1.default.randomUUID();
    }
    options = options || {};
    const rnds = options.random ?? options.rng?.() ?? (0, rng_js_1.default)();
    if (rnds.length < 16) {
        throw new Error('Random bytes length must be >= 16');
    }
    rnds[6] = (rnds[6] & 0x0f) | 0x40;
    rnds[8] = (rnds[8] & 0x3f) | 0x80;
    if (buf) {
        offset = offset || 0;
        if (offset < 0 || offset + 16 > buf.length) {
            throw new RangeError(`UUID byte range ${offset}:${offset + 15} is out of buffer bounds`);
        }
        for (let i = 0; i < 16; ++i) {
            buf[offset + i] = rnds[i];
        }
        return buf;
    }
    return (0, stringify_js_1.unsafeStringify)(rnds);
}	GET	/books?title=Pride&author=Austen	undefined
20250421	11:16:34	function v4(options, buf, offset) {
    if (native_js_1.default.randomUUID && !buf && !options) {
        return native_js_1.default.randomUUID();
    }
    options = options || {};
    const rnds = options.random ?? options.rng?.() ?? (0, rng_js_1.default)();
    if (rnds.length < 16) {
        throw new Error('Random bytes length must be >= 16');
    }
    rnds[6] = (rnds[6] & 0x0f) | 0x40;
    rnds[8] = (rnds[8] & 0x3f) | 0x80;
    if (buf) {
        offset = offset || 0;
        if (offset < 0 || offset + 16 > buf.length) {
            throw new RangeError(`UUID byte range ${offset}:${offset + 15} is out of buffer bounds`);
        }
        for (let i = 0; i < 16; ++i) {
            buf[offset + i] = rnds[i];
        }
        return buf;
    }
    return (0, stringify_js_1.unsafeStringify)(rnds);
}	GET	/books?title=Pride&author=Austen	undefined
20250421	11:17:07	function v4(options, buf, offset) {
    if (native_js_1.default.randomUUID && !buf && !options) {
        return native_js_1.default.randomUUID();
    }
    options = options || {};
    const rnds = options.random ?? options.rng?.() ?? (0, rng_js_1.default)();
    if (rnds.length < 16) {
        throw new Error('Random bytes length must be >= 16');
    }
    rnds[6] = (rnds[6] & 0x0f) | 0x40;
    rnds[8] = (rnds[8] & 0x3f) | 0x80;
    if (buf) {
        offset = offset || 0;
        if (offset < 0 || offset + 16 > buf.length) {
            throw new RangeError(`UUID byte range ${offset}:${offset + 15} is out of buffer bounds`);
        }
        for (let i = 0; i < 16; ++i) {
            buf[offset + i] = rnds[i];
        }
        return buf;
    }
    return (0, stringify_js_1.unsafeStringify)(rnds);
}	GET	/books?title=Pride&author=Austen	undefined
20250421	11:29:24	function v4(options, buf, offset) {
    if (native_js_1.default.randomUUID && !buf && !options) {
        return native_js_1.default.randomUUID();
    }
    options = options || {};
    const rnds = options.random ?? options.rng?.() ?? (0, rng_js_1.default)();
    if (rnds.length < 16) {
        throw new Error('Random bytes length must be >= 16');
    }
    rnds[6] = (rnds[6] & 0x0f) | 0x40;
    rnds[8] = (rnds[8] & 0x3f) | 0x80;
    if (buf) {
        offset = offset || 0;
        if (offset < 0 || offset + 16 > buf.length) {
            throw new RangeError(`UUID byte range ${offset}:${offset + 15} is out of buffer bounds`);
        }
        for (let i = 0; i < 16; ++i) {
            buf[offset + i] = rnds[i];
        }
        return buf;
    }
    return (0, stringify_js_1.unsafeStringify)(rnds);
}	GET	/books?title=Pride&author=Austen	undefined
20250421	11:29:40	function v4(options, buf, offset) {
    if (native_js_1.default.randomUUID && !buf && !options) {
        return native_js_1.default.randomUUID();
    }
    options = options || {};
    const rnds = options.random ?? options.rng?.() ?? (0, rng_js_1.default)();
    if (rnds.length < 16) {
        throw new Error('Random bytes length must be >= 16');
    }
    rnds[6] = (rnds[6] & 0x0f) | 0x40;
    rnds[8] = (rnds[8] & 0x3f) | 0x80;
    if (buf) {
        offset = offset || 0;
        if (offset < 0 || offset + 16 > buf.length) {
            throw new RangeError(`UUID byte range ${offset}:${offset + 15} is out of buffer bounds`);
        }
        for (let i = 0; i < 16; ++i) {
            buf[offset + i] = rnds[i];
        }
        return buf;
    }
    return (0, stringify_js_1.unsafeStringify)(rnds);
}	GET	/books?title=Pride&author=Austen	undefined
20250421	11:29:58	function v4(options, buf, offset) {
    if (native_js_1.default.randomUUID && !buf && !options) {
        return native_js_1.default.randomUUID();
    }
    options = options || {};
    const rnds = options.random ?? options.rng?.() ?? (0, rng_js_1.default)();
    if (rnds.length < 16) {
        throw new Error('Random bytes length must be >= 16');
    }
    rnds[6] = (rnds[6] & 0x0f) | 0x40;
    rnds[8] = (rnds[8] & 0x3f) | 0x80;
    if (buf) {
        offset = offset || 0;
        if (offset < 0 || offset + 16 > buf.length) {
            throw new RangeError(`UUID byte range ${offset}:${offset + 15} is out of buffer bounds`);
        }
        for (let i = 0; i < 16; ++i) {
            buf[offset + i] = rnds[i];
        }
        return buf;
    }
    return (0, stringify_js_1.unsafeStringify)(rnds);
}	GET	/books?title=Pride&author=Austen	undefined
20250421	11:30:27	function v4(options, buf, offset) {
    if (native_js_1.default.randomUUID && !buf && !options) {
        return native_js_1.default.randomUUID();
    }
    options = options || {};
    const rnds = options.random ?? options.rng?.() ?? (0, rng_js_1.default)();
    if (rnds.length < 16) {
        throw new Error('Random bytes length must be >= 16');
    }
    rnds[6] = (rnds[6] & 0x0f) | 0x40;
    rnds[8] = (rnds[8] & 0x3f) | 0x80;
    if (buf) {
        offset = offset || 0;
        if (offset < 0 || offset + 16 > buf.length) {
            throw new RangeError(`UUID byte range ${offset}:${offset + 15} is out of buffer bounds`);
        }
        for (let i = 0; i < 16; ++i) {
            buf[offset + i] = rnds[i];
        }
        return buf;
    }
    return (0, stringify_js_1.unsafeStringify)(rnds);
}	GET	/books?title=Pride&author=Austen	undefined
20250421	11:30:48	function v4(options, buf, offset) {
    if (native_js_1.default.randomUUID && !buf && !options) {
        return native_js_1.default.randomUUID();
    }
    options = options || {};
    const rnds = options.random ?? options.rng?.() ?? (0, rng_js_1.default)();
    if (rnds.length < 16) {
        throw new Error('Random bytes length must be >= 16');
    }
    rnds[6] = (rnds[6] & 0x0f) | 0x40;
    rnds[8] = (rnds[8] & 0x3f) | 0x80;
    if (buf) {
        offset = offset || 0;
        if (offset < 0 || offset + 16 > buf.length) {
            throw new RangeError(`UUID byte range ${offset}:${offset + 15} is out of buffer bounds`);
        }
        for (let i = 0; i < 16; ++i) {
            buf[offset + i] = rnds[i];
        }
        return buf;
    }
    return (0, stringify_js_1.unsafeStringify)(rnds);
}	GET	/books?title=Pride&author=Austen	undefined
20250421	11:31:13	function v4(options, buf, offset) {
    if (native_js_1.default.randomUUID && !buf && !options) {
        return native_js_1.default.randomUUID();
    }
    options = options || {};
    const rnds = options.random ?? options.rng?.() ?? (0, rng_js_1.default)();
    if (rnds.length < 16) {
        throw new Error('Random bytes length must be >= 16');
    }
    rnds[6] = (rnds[6] & 0x0f) | 0x40;
    rnds[8] = (rnds[8] & 0x3f) | 0x80;
    if (buf) {
        offset = offset || 0;
        if (offset < 0 || offset + 16 > buf.length) {
            throw new RangeError(`UUID byte range ${offset}:${offset + 15} is out of buffer bounds`);
        }
        for (let i = 0; i < 16; ++i) {
            buf[offset + i] = rnds[i];
        }
        return buf;
    }
    return (0, stringify_js_1.unsafeStringify)(rnds);
}	GET	/books?title=Pride&author=Austen	undefined
20250421	11:31:51	function v4(options, buf, offset) {
    if (native_js_1.default.randomUUID && !buf && !options) {
        return native_js_1.default.randomUUID();
    }
    options = options || {};
    const rnds = options.random ?? options.rng?.() ?? (0, rng_js_1.default)();
    if (rnds.length < 16) {
        throw new Error('Random bytes length must be >= 16');
    }
    rnds[6] = (rnds[6] & 0x0f) | 0x40;
    rnds[8] = (rnds[8] & 0x3f) | 0x80;
    if (buf) {
        offset = offset || 0;
        if (offset < 0 || offset + 16 > buf.length) {
            throw new RangeError(`UUID byte range ${offset}:${offset + 15} is out of buffer bounds`);
        }
        for (let i = 0; i < 16; ++i) {
            buf[offset + i] = rnds[i];
        }
        return buf;
    }
    return (0, stringify_js_1.unsafeStringify)(rnds);
}	GET	/books?title=Pride&author=Austen	undefined
20250421	11:32:09	function v4(options, buf, offset) {
    if (native_js_1.default.randomUUID && !buf && !options) {
        return native_js_1.default.randomUUID();
    }
    options = options || {};
    const rnds = options.random ?? options.rng?.() ?? (0, rng_js_1.default)();
    if (rnds.length < 16) {
        throw new Error('Random bytes length must be >= 16');
    }
    rnds[6] = (rnds[6] & 0x0f) | 0x40;
    rnds[8] = (rnds[8] & 0x3f) | 0x80;
    if (buf) {
        offset = offset || 0;
        if (offset < 0 || offset + 16 > buf.length) {
            throw new RangeError(`UUID byte range ${offset}:${offset + 15} is out of buffer bounds`);
        }
        for (let i = 0; i < 16; ++i) {
            buf[offset + i] = rnds[i];
        }
        return buf;
    }
    return (0, stringify_js_1.unsafeStringify)(rnds);
}	GET	/books?title=Pride&author=Austen	undefined
20250421	11:32:15	function v4(options, buf, offset) {
    if (native_js_1.default.randomUUID && !buf && !options) {
        return native_js_1.default.randomUUID();
    }
    options = options || {};
    const rnds = options.random ?? options.rng?.() ?? (0, rng_js_1.default)();
    if (rnds.length < 16) {
        throw new Error('Random bytes length must be >= 16');
    }
    rnds[6] = (rnds[6] & 0x0f) | 0x40;
    rnds[8] = (rnds[8] & 0x3f) | 0x80;
    if (buf) {
        offset = offset || 0;
        if (offset < 0 || offset + 16 > buf.length) {
            throw new RangeError(`UUID byte range ${offset}:${offset + 15} is out of buffer bounds`);
        }
        for (let i = 0; i < 16; ++i) {
            buf[offset + i] = rnds[i];
        }
        return buf;
    }
    return (0, stringify_js_1.unsafeStringify)(rnds);
}	GET	/books?title=Pride&author=Austen	undefined
20250421	11:33:49	function v4(options, buf, offset) {
    if (native_js_1.default.randomUUID && !buf && !options) {
        return native_js_1.default.randomUUID();
    }
    options = options || {};
    const rnds = options.random ?? options.rng?.() ?? (0, rng_js_1.default)();
    if (rnds.length < 16) {
        throw new Error('Random bytes length must be >= 16');
    }
    rnds[6] = (rnds[6] & 0x0f) | 0x40;
    rnds[8] = (rnds[8] & 0x3f) | 0x80;
    if (buf) {
        offset = offset || 0;
        if (offset < 0 || offset + 16 > buf.length) {
            throw new RangeError(`UUID byte range ${offset}:${offset + 15} is out of buffer bounds`);
        }
        for (let i = 0; i < 16; ++i) {
            buf[offset + i] = rnds[i];
        }
        return buf;
    }
    return (0, stringify_js_1.unsafeStringify)(rnds);
}	GET	/books?title=Pride&author=Austen	undefined
20250421	11:38:11	function v4(options, buf, offset) {
    if (native_js_1.default.randomUUID && !buf && !options) {
        return native_js_1.default.randomUUID();
    }
    options = options || {};
    const rnds = options.random ?? options.rng?.() ?? (0, rng_js_1.default)();
    if (rnds.length < 16) {
        throw new Error('Random bytes length must be >= 16');
    }
    rnds[6] = (rnds[6] & 0x0f) | 0x40;
    rnds[8] = (rnds[8] & 0x3f) | 0x80;
    if (buf) {
        offset = offset || 0;
        if (offset < 0 || offset + 16 > buf.length) {
            throw new RangeError(`UUID byte range ${offset}:${offset + 15} is out of buffer bounds`);
        }
        for (let i = 0; i < 16; ++i) {
            buf[offset + i] = rnds[i];
        }
        return buf;
    }
    return (0, stringify_js_1.unsafeStringify)(rnds);
}	GET	/books?title=Pride&author=Austen	undefined
20250421	12:18:02	function v4(options, buf, offset) {
    if (native_js_1.default.randomUUID && !buf && !options) {
        return native_js_1.default.randomUUID();
    }
    options = options || {};
    const rnds = options.random ?? options.rng?.() ?? (0, rng_js_1.default)();
    if (rnds.length < 16) {
        throw new Error('Random bytes length must be >= 16');
    }
    rnds[6] = (rnds[6] & 0x0f) | 0x40;
    rnds[8] = (rnds[8] & 0x3f) | 0x80;
    if (buf) {
        offset = offset || 0;
        if (offset < 0 || offset + 16 > buf.length) {
            throw new RangeError(`UUID byte range ${offset}:${offset + 15} is out of buffer bounds`);
        }
        for (let i = 0; i < 16; ++i) {
            buf[offset + i] = rnds[i];
        }
        return buf;
    }
    return (0, stringify_js_1.unsafeStringify)(rnds);
}	GET	/books?title=Pride&author=Austen	undefined
20250421	12:18:31	function v4(options, buf, offset) {
    if (native_js_1.default.randomUUID && !buf && !options) {
        return native_js_1.default.randomUUID();
    }
    options = options || {};
    const rnds = options.random ?? options.rng?.() ?? (0, rng_js_1.default)();
    if (rnds.length < 16) {
        throw new Error('Random bytes length must be >= 16');
    }
    rnds[6] = (rnds[6] & 0x0f) | 0x40;
    rnds[8] = (rnds[8] & 0x3f) | 0x80;
    if (buf) {
        offset = offset || 0;
        if (offset < 0 || offset + 16 > buf.length) {
            throw new RangeError(`UUID byte range ${offset}:${offset + 15} is out of buffer bounds`);
        }
        for (let i = 0; i < 16; ++i) {
            buf[offset + i] = rnds[i];
        }
        return buf;
    }
    return (0, stringify_js_1.unsafeStringify)(rnds);
}	GET	/books?author=Adams&sortBy=year&order=desc	undefined
20250422	7:13:45	function v4(options, buf, offset) {
    if (native_js_1.default.randomUUID && !buf && !options) {
        return native_js_1.default.randomUUID();
    }
    options = options || {};
    const rnds = options.random ?? options.rng?.() ?? (0, rng_js_1.default)();
    if (rnds.length < 16) {
        throw new Error('Random bytes length must be >= 16');
    }
    rnds[6] = (rnds[6] & 0x0f) | 0x40;
    rnds[8] = (rnds[8] & 0x3f) | 0x80;
    if (buf) {
        offset = offset || 0;
        if (offset < 0 || offset + 16 > buf.length) {
            throw new RangeError(`UUID byte range ${offset}:${offset + 15} is out of buffer bounds`);
        }
        for (let i = 0; i < 16; ++i) {
            buf[offset + i] = rnds[i];
        }
        return buf;
    }
    return (0, stringify_js_1.unsafeStringify)(rnds);
}	GET	/books?author=Adams&sortBy=year&order=desc	undefined
20250422	7:15:01	function v4(options, buf, offset) {
    if (native_js_1.default.randomUUID && !buf && !options) {
        return native_js_1.default.randomUUID();
    }
    options = options || {};
    const rnds = options.random ?? options.rng?.() ?? (0, rng_js_1.default)();
    if (rnds.length < 16) {
        throw new Error('Random bytes length must be >= 16');
    }
    rnds[6] = (rnds[6] & 0x0f) | 0x40;
    rnds[8] = (rnds[8] & 0x3f) | 0x80;
    if (buf) {
        offset = offset || 0;
        if (offset < 0 || offset + 16 > buf.length) {
            throw new RangeError(`UUID byte range ${offset}:${offset + 15} is out of buffer bounds`);
        }
        for (let i = 0; i < 16; ++i) {
            buf[offset + i] = rnds[i];
        }
        return buf;
    }
    return (0, stringify_js_1.unsafeStringify)(rnds);
}	GET	/books?author=Adams&sortBy=year&order=desc	undefined
20250422	7:15:20	function v4(options, buf, offset) {
    if (native_js_1.default.randomUUID && !buf && !options) {
        return native_js_1.default.randomUUID();
    }
    options = options || {};
    const rnds = options.random ?? options.rng?.() ?? (0, rng_js_1.default)();
    if (rnds.length < 16) {
        throw new Error('Random bytes length must be >= 16');
    }
    rnds[6] = (rnds[6] & 0x0f) | 0x40;
    rnds[8] = (rnds[8] & 0x3f) | 0x80;
    if (buf) {
        offset = offset || 0;
        if (offset < 0 || offset + 16 > buf.length) {
            throw new RangeError(`UUID byte range ${offset}:${offset + 15} is out of buffer bounds`);
        }
        for (let i = 0; i < 16; ++i) {
            buf[offset + i] = rnds[i];
        }
        return buf;
    }
    return (0, stringify_js_1.unsafeStringify)(rnds);
}	GET	/books?author=Adams&sortBy=year&order=desc	undefined
20250422	7:16:50	function v4(options, buf, offset) {
    if (native_js_1.default.randomUUID && !buf && !options) {
        return native_js_1.default.randomUUID();
    }
    options = options || {};
    const rnds = options.random ?? options.rng?.() ?? (0, rng_js_1.default)();
    if (rnds.length < 16) {
        throw new Error('Random bytes length must be >= 16');
    }
    rnds[6] = (rnds[6] & 0x0f) | 0x40;
    rnds[8] = (rnds[8] & 0x3f) | 0x80;
    if (buf) {
        offset = offset || 0;
        if (offset < 0 || offset + 16 > buf.length) {
            throw new RangeError(`UUID byte range ${offset}:${offset + 15} is out of buffer bounds`);
        }
        for (let i = 0; i < 16; ++i) {
            buf[offset + i] = rnds[i];
        }
        return buf;
    }
    return (0, stringify_js_1.unsafeStringify)(rnds);
}	GET	/books?author=Adams&sortBy=year&order=desc	undefined
20250422	7:46:44	function v4(options, buf, offset) {
    if (native_js_1.default.randomUUID && !buf && !options) {
        return native_js_1.default.randomUUID();
    }
    options = options || {};
    const rnds = options.random ?? options.rng?.() ?? (0, rng_js_1.default)();
    if (rnds.length < 16) {
        throw new Error('Random bytes length must be >= 16');
    }
    rnds[6] = (rnds[6] & 0x0f) | 0x40;
    rnds[8] = (rnds[8] & 0x3f) | 0x80;
    if (buf) {
        offset = offset || 0;
        if (offset < 0 || offset + 16 > buf.length) {
            throw new RangeError(`UUID byte range ${offset}:${offset + 15} is out of buffer bounds`);
        }
        for (let i = 0; i < 16; ++i) {
            buf[offset + i] = rnds[i];
        }
        return buf;
    }
    return (0, stringify_js_1.unsafeStringify)(rnds);
}	GET	/books?author=Adams&sortBy=year&order=desc	undefined
20250422	7:47:04	function v4(options, buf, offset) {
    if (native_js_1.default.randomUUID && !buf && !options) {
        return native_js_1.default.randomUUID();
    }
    options = options || {};
    const rnds = options.random ?? options.rng?.() ?? (0, rng_js_1.default)();
    if (rnds.length < 16) {
        throw new Error('Random bytes length must be >= 16');
    }
    rnds[6] = (rnds[6] & 0x0f) | 0x40;
    rnds[8] = (rnds[8] & 0x3f) | 0x80;
    if (buf) {
        offset = offset || 0;
        if (offset < 0 || offset + 16 > buf.length) {
            throw new RangeError(`UUID byte range ${offset}:${offset + 15} is out of buffer bounds`);
        }
        for (let i = 0; i < 16; ++i) {
            buf[offset + i] = rnds[i];
        }
        return buf;
    }
    return (0, stringify_js_1.unsafeStringify)(rnds);
}	GET	/books?author=Adams	undefined
20250422	7:51:19	function v4(options, buf, offset) {
    if (native_js_1.default.randomUUID && !buf && !options) {
        return native_js_1.default.randomUUID();
    }
    options = options || {};
    const rnds = options.random ?? options.rng?.() ?? (0, rng_js_1.default)();
    if (rnds.length < 16) {
        throw new Error('Random bytes length must be >= 16');
    }
    rnds[6] = (rnds[6] & 0x0f) | 0x40;
    rnds[8] = (rnds[8] & 0x3f) | 0x80;
    if (buf) {
        offset = offset || 0;
        if (offset < 0 || offset + 16 > buf.length) {
            throw new RangeError(`UUID byte range ${offset}:${offset + 15} is out of buffer bounds`);
        }
        for (let i = 0; i < 16; ++i) {
            buf[offset + i] = rnds[i];
        }
        return buf;
    }
    return (0, stringify_js_1.unsafeStringify)(rnds);
}	GET	/books?author=Adams	undefined
20250422	7:51:37	function v4(options, buf, offset) {
    if (native_js_1.default.randomUUID && !buf && !options) {
        return native_js_1.default.randomUUID();
    }
    options = options || {};
    const rnds = options.random ?? options.rng?.() ?? (0, rng_js_1.default)();
    if (rnds.length < 16) {
        throw new Error('Random bytes length must be >= 16');
    }
    rnds[6] = (rnds[6] & 0x0f) | 0x40;
    rnds[8] = (rnds[8] & 0x3f) | 0x80;
    if (buf) {
        offset = offset || 0;
        if (offset < 0 || offset + 16 > buf.length) {
            throw new RangeError(`UUID byte range ${offset}:${offset + 15} is out of buffer bounds`);
        }
        for (let i = 0; i < 16; ++i) {
            buf[offset + i] = rnds[i];
        }
        return buf;
    }
    return (0, stringify_js_1.unsafeStringify)(rnds);
}	GET	/books?	undefined
20250422	7:51:45	function v4(options, buf, offset) {
    if (native_js_1.default.randomUUID && !buf && !options) {
        return native_js_1.default.randomUUID();
    }
    options = options || {};
    const rnds = options.random ?? options.rng?.() ?? (0, rng_js_1.default)();
    if (rnds.length < 16) {
        throw new Error('Random bytes length must be >= 16');
    }
    rnds[6] = (rnds[6] & 0x0f) | 0x40;
    rnds[8] = (rnds[8] & 0x3f) | 0x80;
    if (buf) {
        offset = offset || 0;
        if (offset < 0 || offset + 16 > buf.length) {
            throw new RangeError(`UUID byte range ${offset}:${offset + 15} is out of buffer bounds`);
        }
        for (let i = 0; i < 16; ++i) {
            buf[offset + i] = rnds[i];
        }
        return buf;
    }
    return (0, stringify_js_1.unsafeStringify)(rnds);
}	GET	/books?author=Austen	undefined
20250422	7:56:36	function v4(options, buf, offset) {
    if (native_js_1.default.randomUUID && !buf && !options) {
        return native_js_1.default.randomUUID();
    }
    options = options || {};
    const rnds = options.random ?? options.rng?.() ?? (0, rng_js_1.default)();
    if (rnds.length < 16) {
        throw new Error('Random bytes length must be >= 16');
    }
    rnds[6] = (rnds[6] & 0x0f) | 0x40;
    rnds[8] = (rnds[8] & 0x3f) | 0x80;
    if (buf) {
        offset = offset || 0;
        if (offset < 0 || offset + 16 > buf.length) {
            throw new RangeError(`UUID byte range ${offset}:${offset + 15} is out of buffer bounds`);
        }
        for (let i = 0; i < 16; ++i) {
            buf[offset + i] = rnds[i];
        }
        return buf;
    }
    return (0, stringify_js_1.unsafeStringify)(rnds);
}	GET	/books?author=Austen	undefined
20250422	7:56:42	function v4(options, buf, offset) {
    if (native_js_1.default.randomUUID && !buf && !options) {
        return native_js_1.default.randomUUID();
    }
    options = options || {};
    const rnds = options.random ?? options.rng?.() ?? (0, rng_js_1.default)();
    if (rnds.length < 16) {
        throw new Error('Random bytes length must be >= 16');
    }
    rnds[6] = (rnds[6] & 0x0f) | 0x40;
    rnds[8] = (rnds[8] & 0x3f) | 0x80;
    if (buf) {
        offset = offset || 0;
        if (offset < 0 || offset + 16 > buf.length) {
            throw new RangeError(`UUID byte range ${offset}:${offset + 15} is out of buffer bounds`);
        }
        for (let i = 0; i < 16; ++i) {
            buf[offset + i] = rnds[i];
        }
        return buf;
    }
    return (0, stringify_js_1.unsafeStringify)(rnds);
}	GET	/books?	undefined
20250422	7:56:54	function v4(options, buf, offset) {
    if (native_js_1.default.randomUUID && !buf && !options) {
        return native_js_1.default.randomUUID();
    }
    options = options || {};
    const rnds = options.random ?? options.rng?.() ?? (0, rng_js_1.default)();
    if (rnds.length < 16) {
        throw new Error('Random bytes length must be >= 16');
    }
    rnds[6] = (rnds[6] & 0x0f) | 0x40;
    rnds[8] = (rnds[8] & 0x3f) | 0x80;
    if (buf) {
        offset = offset || 0;
        if (offset < 0 || offset + 16 > buf.length) {
            throw new RangeError(`UUID byte range ${offset}:${offset + 15} is out of buffer bounds`);
        }
        for (let i = 0; i < 16; ++i) {
            buf[offset + i] = rnds[i];
        }
        return buf;
    }
    return (0, stringify_js_1.unsafeStringify)(rnds);
}	GET	/books?author=Joseph	undefined
20250422	7:57:45	function v4(options, buf, offset) {
    if (native_js_1.default.randomUUID && !buf && !options) {
        return native_js_1.default.randomUUID();
    }
    options = options || {};
    const rnds = options.random ?? options.rng?.() ?? (0, rng_js_1.default)();
    if (rnds.length < 16) {
        throw new Error('Random bytes length must be >= 16');
    }
    rnds[6] = (rnds[6] & 0x0f) | 0x40;
    rnds[8] = (rnds[8] & 0x3f) | 0x80;
    if (buf) {
        offset = offset || 0;
        if (offset < 0 || offset + 16 > buf.length) {
            throw new RangeError(`UUID byte range ${offset}:${offset + 15} is out of buffer bounds`);
        }
        for (let i = 0; i < 16; ++i) {
            buf[offset + i] = rnds[i];
        }
        return buf;
    }
    return (0, stringify_js_1.unsafeStringify)(rnds);
}	GET	/books?author=Joseph	undefined
